<?xml version="1.0" encoding="UTF-8"?>
<TestRun id="70a37a1c-e7bb-4916-8b01-a57a1d5c3f33" name="testresults" runUser="rolim-PC\rolim" xmlns="http://microsoft.com/schemas/VisualStudio/TeamTest/2010">
  <TestSettings name="SW" id="f0dbb167-77f5-4991-a445-2387d694f5ca">
    <Description>These are default test settings for a local test run.</Description>
    <Deployment userDeploymentRoot="C:\Users\rolim\Documents\GitHub\softwrench\Build" useDefaultDeploymentRoot="false" runDeploymentRoot="testresults[1]">
      <DeploymentItem filename="softWrench.sW4.Web\App_Data\" />
      <DeploymentItem filename="softwrench.sW4.test\App_data\" />
    </Deployment>
    <NamingScheme baseName="testresults" appendTimeStamp="false" useDefault="false" />
    <Execution hostProcessPlatform="MSIL">
      <TestTypeSpecific>
        <UnitTestRunConfig testTypeId="13cdc9d9-ddb5-4fa4-a97d-d965ccfc6d4b">
          <AssemblyResolution>
            <TestDirectory useLoadContext="true" />
          </AssemblyResolution>
        </UnitTestRunConfig>
        <WebTestRunConfiguration testTypeId="4e7599fa-5ecb-43e9-a887-cd63cf72d207">
          <Browser name="Internet Explorer 9.0" MaxConnections="6">
            <Headers>
              <Header name="User-Agent" value="Mozilla/5.0 (compatible; MSIE 9.0; Windows NT 6.1; Trident/5.0)" />
              <Header name="Accept" value="*/*" />
              <Header name="Accept-Language" value="{{$IEAcceptLanguage}}" />
              <Header name="Accept-Encoding" value="GZIP" />
            </Headers>
          </Browser>
        </WebTestRunConfiguration>
      </TestTypeSpecific>
      <AgentRule name="LocalMachineDefaultRole">
      </AgentRule>
    </Execution>
    <Properties />
  </TestSettings>
  <Times creation="2015-02-02T12:37:14.8248063-02:00" queuing="2015-02-02T12:37:15.3228348-02:00" start="2015-02-02T12:37:15.4358413-02:00" finish="2015-02-02T12:37:18.8370358-02:00" />
  <ResultSummary outcome="Completed">
    <Counters total="111" executed="111" passed="111" error="0" failed="0" timeout="0" aborted="0" inconclusive="0" passedButRunAborted="0" notRunnable="0" notExecuted="0" disconnected="0" warning="0" completed="0" inProgress="0" pending="0" />
  </ResultSummary>
  <TestDefinitions>
    <UnitTest name="SecureBars" storage="../softwrench.sw4.test/bin/debug/softwrench.sw4.test.dll" id="4685f03c-8b62-fde2-b4be-9edd60faaed3">
      <Execution id="1156f072-24f4-46d7-8fee-f5202b81a37e" />
      <TestMethod codeBase="C:/Users/rolim/Documents/GitHub/softwrench/softwrench.sW4.test/bin/Debug/softwrench.sW4.test.DLL" adapterTypeName="Microsoft.VisualStudio.TestTools.TestTypes.Unit.UnitTestAdapter, Microsoft.VisualStudio.QualityTools.Tips.UnitTest.Adapter, Version=12.0.0.0, Culture=neutral, PublicKeyToken=b03f5f7f11d50a3a" className="softwrench.sW4.test.Metadata.Applications.Command.ApplicationCommandUtilsTest, softwrench.sW4.test, Version=1.0.0.0, Culture=neutral, PublicKeyToken=null" name="SecureBars" />
    </UnitTest>
    <UnitTest name="ConfigThenEnvThenGlobal" storage="../softwrench.sw4.test/bin/debug/softwrench.sw4.test.dll" id="b34b1695-ae71-155d-66cf-eeeb475a677b">
      <Execution id="c19629b7-eba8-4621-8fd9-6efd7bc63a9a" />
      <TestMethod codeBase="C:/Users/rolim/Documents/GitHub/softwrench/softwrench.sW4.test/bin/Debug/softwrench.sW4.test.DLL" adapterTypeName="Microsoft.VisualStudio.TestTools.TestTypes.Unit.UnitTestAdapter, Microsoft.VisualStudio.QualityTools.Tips.UnitTest.Adapter, Version=12.0.0.0, Culture=neutral, PublicKeyToken=b03f5f7f11d50a3a" className="softwrench.sW4.test.Metadata.MetadataPropertiesTest, softwrench.sW4.test, Version=1.0.0.0, Culture=neutral, PublicKeyToken=null" name="ConfigThenEnvThenGlobal" />
    </UnitTest>
    <UnitTest name="CheckFieldsOrderOrder2" storage="../softwrench.sw4.test/bin/debug/softwrench.sw4.test.dll" id="ecf50f5d-1505-8b7d-5392-a60e99531be0">
      <Execution id="2bf005d4-3644-484a-84fa-3f63f12d8964" />
      <TestMethod codeBase="C:/Users/rolim/Documents/GitHub/softwrench/softwrench.sW4.test/bin/Debug/softwrench.sW4.test.DLL" adapterTypeName="Microsoft.VisualStudio.TestTools.TestTypes.Unit.UnitTestAdapter, Microsoft.VisualStudio.QualityTools.Tips.UnitTest.Adapter, Version=12.0.0.0, Culture=neutral, PublicKeyToken=b03f5f7f11d50a3a" className="softwrench.sW4.test.Metadata.AbstractSchemaTest, softwrench.sW4.test, Version=1.0.0.0, Culture=neutral, PublicKeyToken=null" name="CheckFieldsOrderOrder2" />
    </UnitTest>
    <UnitTest name="NoneRequestOverriding" storage="../softwrench.sw4.test/bin/debug/softwrench.sw4.test.dll" id="79cd2259-0782-0434-e74d-14e7891a5b76">
      <Execution id="4a2923ec-e903-44a2-8585-64dfa0dbec43" />
      <TestMethod codeBase="C:/Users/rolim/Documents/GitHub/softwrench/softwrench.sW4.test/bin/Debug/softwrench.sW4.test.DLL" adapterTypeName="Microsoft.VisualStudio.TestTools.TestTypes.Unit.UnitTestAdapter, Microsoft.VisualStudio.QualityTools.Tips.UnitTest.Adapter, Version=12.0.0.0, Culture=neutral, PublicKeyToken=b03f5f7f11d50a3a" className="softwrench.sW4.test.Metadata.Association.AssociationHelperTest, softwrench.sW4.test, Version=1.0.0.0, Culture=neutral, PublicKeyToken=null" name="NoneRequestOverriding" />
    </UnitTest>
    <UnitTest name="TestMethod2" storage="../softwrench.sw4.test/bin/debug/softwrench.sw4.test.dll" id="6967fa50-19a3-b358-2875-068a48bc7d11">
      <Execution id="21aea235-3144-45e3-8a74-b09cf97c89ba" />
      <TestMethod codeBase="C:/Users/rolim/Documents/GitHub/softwrench/softwrench.sW4.test/bin/Debug/softwrench.sW4.test.DLL" adapterTypeName="Microsoft.VisualStudio.TestTools.TestTypes.Unit.UnitTestAdapter, Microsoft.VisualStudio.QualityTools.Tips.UnitTest.Adapter, Version=12.0.0.0, Culture=neutral, PublicKeyToken=b03f5f7f11d50a3a" className="softwrench.sW4.test.PaginationUtilsTest, softwrench.sW4.test, Version=1.0.0.0, Culture=neutral, PublicKeyToken=null" name="TestMethod2" />
    </UnitTest>
    <UnitTest name="TestProjectionFieldWithQuery" storage="../softwrench.sw4.test/bin/debug/softwrench.sw4.test.dll" id="a3f31eec-7b4a-07c8-4e24-061ae3cab06f">
      <Execution id="ee428163-0847-4490-8d28-c1898e6d4c1c" />
      <TestMethod codeBase="C:/Users/rolim/Documents/GitHub/softwrench/softwrench.sW4.test/bin/Debug/softwrench.sW4.test.DLL" adapterTypeName="Microsoft.VisualStudio.TestTools.TestTypes.Unit.UnitTestAdapter, Microsoft.VisualStudio.QualityTools.Tips.UnitTest.Adapter, Version=12.0.0.0, Culture=neutral, PublicKeyToken=b03f5f7f11d50a3a" className="softwrench.sW4.test.Data.Persistence.Relational.QueryBuilder.Basic.QuerySelectBuilderTest, softwrench.sW4.test, Version=1.0.0.0, Culture=neutral, PublicKeyToken=null" name="TestProjectionFieldWithQuery" />
    </UnitTest>
    <UnitTest name="SimulateFaqRealData" storage="../softwrench.sw4.test/bin/debug/softwrench.sw4.test.dll" id="0af06012-3841-913f-698b-cbdd9adfe552">
      <Execution id="971fbcfb-6cfc-47a6-98ee-eb1e03651fda" />
      <TestMethod codeBase="C:/Users/rolim/Documents/GitHub/softwrench/softwrench.sW4.test/bin/Debug/softwrench.sW4.test.DLL" adapterTypeName="Microsoft.VisualStudio.TestTools.TestTypes.Unit.UnitTestAdapter, Microsoft.VisualStudio.QualityTools.Tips.UnitTest.Adapter, Version=12.0.0.0, Culture=neutral, PublicKeyToken=b03f5f7f11d50a3a" className="softwrench.sW4.test.Util.FaqTest, softwrench.sW4.test, Version=1.0.0.0, Culture=neutral, PublicKeyToken=null" name="SimulateFaqRealData" />
    </UnitTest>
    <UnitTest name="TestMethod1" storage="../softwrench.sw4.test/bin/debug/softwrench.sw4.test.dll" id="d1c9e1a2-c791-6f91-f773-49741e5ecfdc">
      <Execution id="5bdd6936-ad21-4c54-aa28-051c44133c21" />
      <TestMethod codeBase="C:/Users/rolim/Documents/GitHub/softwrench/softwrench.sW4.test/bin/Debug/softwrench.sW4.test.DLL" adapterTypeName="Microsoft.VisualStudio.TestTools.TestTypes.Unit.UnitTestAdapter, Microsoft.VisualStudio.QualityTools.Tips.UnitTest.Adapter, Version=12.0.0.0, Culture=neutral, PublicKeyToken=b03f5f7f11d50a3a" className="softwrench.sW4.test.Metadata.Entities.ParentEntityTest, softwrench.sW4.test, Version=1.0.0.0, Culture=neutral, PublicKeyToken=null" name="TestMethod1" />
    </UnitTest>
    <UnitTest name="TestReplaceInner" storage="../softwrench.sw4.test/bin/debug/softwrench.sw4.test.dll" id="6203c23b-2b32-7bab-0f88-4832a355bd8a">
      <Execution id="50f258e5-8787-4592-9882-82680d99b861" />
      <TestMethod codeBase="C:/Users/rolim/Documents/GitHub/softwrench/softwrench.sW4.test/bin/Debug/softwrench.sW4.test.DLL" adapterTypeName="Microsoft.VisualStudio.TestTools.TestTypes.Unit.UnitTestAdapter, Microsoft.VisualStudio.QualityTools.Tips.UnitTest.Adapter, Version=12.0.0.0, Culture=neutral, PublicKeyToken=b03f5f7f11d50a3a" className="softwrench.sW4.test.Data.Persistence.Relational.QueryBuilder.Basic.QuerySelectBuilderTest, softwrench.sW4.test, Version=1.0.0.0, Culture=neutral, PublicKeyToken=null" name="TestReplaceInner" />
    </UnitTest>
    <UnitTest name="TestCreationNewWorkLog" storage="../softwrench.sw4.test/bin/debug/softwrench.sw4.test.dll" id="42e40acf-3810-c590-2c93-aee312a7d3ba">
      <Execution id="f6dcf903-8d22-47db-aa49-1d522bf157ce" />
      <TestMethod codeBase="C:/Users/rolim/Documents/GitHub/softwrench/softwrench.sW4.test/bin/Debug/softwrench.sW4.test.DLL" adapterTypeName="Microsoft.VisualStudio.TestTools.TestTypes.Unit.UnitTestAdapter, Microsoft.VisualStudio.QualityTools.Tips.UnitTest.Adapter, Version=12.0.0.0, Culture=neutral, PublicKeyToken=b03f5f7f11d50a3a" className="softwrench.sW4.test.Data.Entities.EntityBuilderTest2, softwrench.sW4.test, Version=1.0.0.0, Culture=neutral, PublicKeyToken=null" name="TestCreationNewWorkLog" />
    </UnitTest>
    <UnitTest name="TestRelationshipQueryField" storage="../softwrench.sw4.test/bin/debug/softwrench.sw4.test.dll" id="5dcf0036-21e9-84de-c458-a6b89095045d">
      <Execution id="f36523f0-1d08-448b-a97a-5e819bb0a723" />
      <TestMethod codeBase="C:/Users/rolim/Documents/GitHub/softwrench/softwrench.sW4.test/bin/Debug/softwrench.sW4.test.DLL" adapterTypeName="Microsoft.VisualStudio.TestTools.TestTypes.Unit.UnitTestAdapter, Microsoft.VisualStudio.QualityTools.Tips.UnitTest.Adapter, Version=12.0.0.0, Culture=neutral, PublicKeyToken=b03f5f7f11d50a3a" className="softwrench.sW4.test.Data.Persistence.Relational.QueryBuilder.Basic.QueryFromBuilderTest, softwrench.sW4.test, Version=1.0.0.0, Culture=neutral, PublicKeyToken=null" name="TestRelationshipQueryField" />
    </UnitTest>
    <UnitTest name="Simple" storage="../softwrench.sw4.test/bin/debug/softwrench.sw4.test.dll" id="e0ebff6d-f10f-7498-cdda-c1bd9e383256">
      <Execution id="da085911-e7f2-4ff1-8220-646895965a23" />
      <TestMethod codeBase="C:/Users/rolim/Documents/GitHub/softwrench/softwrench.sW4.test/bin/Debug/softwrench.sW4.test.DLL" adapterTypeName="Microsoft.VisualStudio.TestTools.TestTypes.Unit.UnitTestAdapter, Microsoft.VisualStudio.QualityTools.Tips.UnitTest.Adapter, Version=12.0.0.0, Culture=neutral, PublicKeyToken=b03f5f7f11d50a3a" className="softwrench.sW4.test.Category.CategoryUtilTest, softwrench.sW4.test, Version=1.0.0.0, Culture=neutral, PublicKeyToken=null" name="Simple" />
    </UnitTest>
    <UnitTest name="IncidentHardwareReport" storage="../softwrench.sw4.test/bin/debug/softwrench.sw4.test.dll" id="640af98e-ea30-bb3f-f9af-2abd1cdf33b7">
      <Execution id="609e2b2b-d8b7-42a6-89ac-916271e04513" />
      <TestMethod codeBase="C:/Users/rolim/Documents/GitHub/softwrench/softwrench.sW4.test/bin/Debug/softwrench.sW4.test.DLL" adapterTypeName="Microsoft.VisualStudio.TestTools.TestTypes.Unit.UnitTestAdapter, Microsoft.VisualStudio.QualityTools.Tips.UnitTest.Adapter, Version=12.0.0.0, Culture=neutral, PublicKeyToken=b03f5f7f11d50a3a" className="softwrench.sW4.test.Data.Persistence.Relational.QueryBuilder.Basic.QueryFromBuilderTest, softwrench.sW4.test, Version=1.0.0.0, Culture=neutral, PublicKeyToken=null" name="IncidentHardwareReport" />
    </UnitTest>
    <UnitTest name="TestParseWhere" storage="../softwrench.sw4.test/bin/debug/softwrench.sw4.test.dll" id="2a635ad6-76f8-6bb6-866e-2217b1072759">
      <Execution id="5b570a48-eefd-4470-a8b9-6cdda110a699" />
      <TestMethod codeBase="C:/Users/rolim/Documents/GitHub/softwrench/softwrench.sW4.test/bin/Debug/softwrench.sW4.test.DLL" adapterTypeName="Microsoft.VisualStudio.TestTools.TestTypes.Unit.UnitTestAdapter, Microsoft.VisualStudio.QualityTools.Tips.UnitTest.Adapter, Version=12.0.0.0, Culture=neutral, PublicKeyToken=b03f5f7f11d50a3a" className="softwrench.sW4.test.Metadata.Association.DependencyBuilderTest, softwrench.sW4.test, Version=1.0.0.0, Culture=neutral, PublicKeyToken=null" name="TestParseWhere" />
    </UnitTest>
    <UnitTest name="TestAllButSchema" storage="../softwrench.sw4.test/bin/debug/softwrench.sw4.test.dll" id="f503ea6d-bf59-1f9d-dc11-8ebdf7ed7e77">
      <Execution id="a9ec0c08-78cd-46f0-a950-a815136b7dad" />
      <TestMethod codeBase="C:/Users/rolim/Documents/GitHub/softwrench/softwrench.sW4.test/bin/Debug/softwrench.sW4.test.DLL" adapterTypeName="Microsoft.VisualStudio.TestTools.TestTypes.Unit.UnitTestAdapter, Microsoft.VisualStudio.QualityTools.Tips.UnitTest.Adapter, Version=12.0.0.0, Culture=neutral, PublicKeyToken=b03f5f7f11d50a3a" className="softwrench.sW4.test.Metadata.Association.AssociationHelperTest, softwrench.sW4.test, Version=1.0.0.0, Culture=neutral, PublicKeyToken=null" name="TestAllButSchema" />
    </UnitTest>
    <UnitTest name="AskAndDoNotFind" storage="../softwrench.sw4.test/bin/debug/softwrench.sw4.test.dll" id="df2ba56c-c6ca-a1cd-d66f-fac28fb4adb2">
      <Execution id="9410d8b8-7f2c-4165-a8c2-527aef95be4d" />
      <TestMethod codeBase="C:/Users/rolim/Documents/GitHub/softwrench/softwrench.sW4.test/bin/Debug/softwrench.sW4.test.DLL" adapterTypeName="Microsoft.VisualStudio.TestTools.TestTypes.Unit.UnitTestAdapter, Microsoft.VisualStudio.QualityTools.Tips.UnitTest.Adapter, Version=12.0.0.0, Culture=neutral, PublicKeyToken=b03f5f7f11d50a3a" className="softwrench.sW4.test.Configuration.Service.ConfigurationServiceTest, softwrench.sW4.test, Version=1.0.0.0, Culture=neutral, PublicKeyToken=null" name="AskAndDoNotFind" />
    </UnitTest>
    <UnitTest name="TestMethod1" storage="../softwrench.sw4.test/bin/debug/softwrench.sw4.test.dll" id="2ab63181-cbc7-c789-2f93-81c5121479ff">
      <Execution id="2ed60958-642e-4c34-9f5c-9aeb450300ce" />
      <TestMethod codeBase="C:/Users/rolim/Documents/GitHub/softwrench/softwrench.sW4.test/bin/Debug/softwrench.sW4.test.DLL" adapterTypeName="Microsoft.VisualStudio.TestTools.TestTypes.Unit.UnitTestAdapter, Microsoft.VisualStudio.QualityTools.Tips.UnitTest.Adapter, Version=12.0.0.0, Culture=neutral, PublicKeyToken=b03f5f7f11d50a3a" className="softwrench.sW4.test.Metadata.Entities.TargetAttributeHandlerTest, softwrench.sW4.test, Version=1.0.0.0, Culture=neutral, PublicKeyToken=null" name="TestMethod1" />
    </UnitTest>
    <UnitTest name="TwoLevels" storage="../softwrench.sw4.test/bin/debug/softwrench.sw4.test.dll" id="6169f114-6249-3adc-5951-08c68f0c55e7">
      <Execution id="69b75cd6-59bf-4aa0-924a-f3e66b5f7c59" />
      <TestMethod codeBase="C:/Users/rolim/Documents/GitHub/softwrench/softwrench.sW4.test/bin/Debug/softwrench.sW4.test.DLL" adapterTypeName="Microsoft.VisualStudio.TestTools.TestTypes.Unit.UnitTestAdapter, Microsoft.VisualStudio.QualityTools.Tips.UnitTest.Adapter, Version=12.0.0.0, Culture=neutral, PublicKeyToken=b03f5f7f11d50a3a" className="softwrench.sW4.test.Category.CategoryUtilTest, softwrench.sW4.test, Version=1.0.0.0, Culture=neutral, PublicKeyToken=null" name="TwoLevels" />
    </UnitTest>
    <UnitTest name="PropertyKey" storage="../softwrench.sw4.test/bin/debug/softwrench.sw4.test.dll" id="dbee27cc-8118-7726-07fc-feb202eb3348">
      <Execution id="2d1b733d-1d7f-49dd-b240-c47c47086413" />
      <TestMethod codeBase="C:/Users/rolim/Documents/GitHub/softwrench/softwrench.sW4.test/bin/Debug/softwrench.sW4.test.DLL" adapterTypeName="Microsoft.VisualStudio.TestTools.TestTypes.Unit.UnitTestAdapter, Microsoft.VisualStudio.QualityTools.Tips.UnitTest.Adapter, Version=12.0.0.0, Culture=neutral, PublicKeyToken=b03f5f7f11d50a3a" className="softwrench.sW4.test.Category.CategoryUtilTest, softwrench.sW4.test, Version=1.0.0.0, Culture=neutral, PublicKeyToken=null" name="PropertyKey" />
    </UnitTest>
    <UnitTest name="TestSelect3" storage="../softwrench.sw4.test/bin/debug/softwrench.sw4.test.dll" id="c35a2521-fc31-8d4f-0f0c-02189f608d96">
      <Execution id="4ece8cc7-20b8-4432-b3b4-f4c3a796ae9d" />
      <TestMethod codeBase="C:/Users/rolim/Documents/GitHub/softwrench/softwrench.sW4.test/bin/Debug/softwrench.sW4.test.DLL" adapterTypeName="Microsoft.VisualStudio.TestTools.TestTypes.Unit.UnitTestAdapter, Microsoft.VisualStudio.QualityTools.Tips.UnitTest.Adapter, Version=12.0.0.0, Culture=neutral, PublicKeyToken=b03f5f7f11d50a3a" className="softwrench.sW4.test.Metadata.Entities.HapagSlicedEntityMetadataBuilderTest, softwrench.sW4.test, Version=1.0.0.0, Culture=neutral, PublicKeyToken=null" name="TestSelect3" />
    </UnitTest>
    <UnitTest name="DateSearchDtoGteTest" storage="../softwrench.sw4.test/bin/debug/softwrench.sw4.test.dll" id="bd551a90-f138-445a-cc09-66e1047940e2">
      <Execution id="4af0456f-3674-457d-960c-0658c1750a65" />
      <TestMethod codeBase="C:/Users/rolim/Documents/GitHub/softwrench/softwrench.sW4.test/bin/Debug/softwrench.sW4.test.DLL" adapterTypeName="Microsoft.VisualStudio.TestTools.TestTypes.Unit.UnitTestAdapter, Microsoft.VisualStudio.QualityTools.Tips.UnitTest.Adapter, Version=12.0.0.0, Culture=neutral, PublicKeyToken=b03f5f7f11d50a3a" className="softwrench.sW4.test.Data.Search.ApplicationSearchTest, softwrench.sW4.test, Version=1.0.0.0, Culture=neutral, PublicKeyToken=null" name="DateSearchDtoGteTest" />
    </UnitTest>
    <UnitTest name="TestMethod3" storage="../softwrench.sw4.test/bin/debug/softwrench.sw4.test.dll" id="dba5467f-1e97-4998-fba3-b71343cfde2f">
      <Execution id="4637cffb-3f5f-42b6-8bac-168d99235fde" />
      <TestMethod codeBase="C:/Users/rolim/Documents/GitHub/softwrench/softwrench.sW4.test/bin/Debug/softwrench.sW4.test.DLL" adapterTypeName="Microsoft.VisualStudio.TestTools.TestTypes.Unit.UnitTestAdapter, Microsoft.VisualStudio.QualityTools.Tips.UnitTest.Adapter, Version=12.0.0.0, Culture=neutral, PublicKeyToken=b03f5f7f11d50a3a" className="softwrench.sW4.test.PaginationUtilsTest, softwrench.sW4.test, Version=1.0.0.0, Culture=neutral, PublicKeyToken=null" name="TestMethod3" />
    </UnitTest>
    <UnitTest name="TestQueryGenerator" storage="../softwrench.sw4.test/bin/debug/softwrench.sw4.test.dll" id="3e847722-9b65-4102-ba58-bf1fe444bed0">
      <Execution id="de7f7288-79fb-435d-800b-c0bc343a09ae" />
      <TestMethod codeBase="C:/Users/rolim/Documents/GitHub/softwrench/softwrench.sW4.test/bin/Debug/softwrench.sW4.test.DLL" adapterTypeName="Microsoft.VisualStudio.TestTools.TestTypes.Unit.UnitTestAdapter, Microsoft.VisualStudio.QualityTools.Tips.UnitTest.Adapter, Version=12.0.0.0, Culture=neutral, PublicKeyToken=b03f5f7f11d50a3a" className="softwrench.sW4.test.Hapag.Security.HlagGroupedLocationTest, softwrench.sW4.test, Version=1.0.0.0, Culture=neutral, PublicKeyToken=null" name="TestQueryGenerator" />
    </UnitTest>
    <UnitTest name="MultipleFieldsSearchDtoTest" storage="../softwrench.sw4.test/bin/debug/softwrench.sw4.test.dll" id="0ceedc9a-fafe-a1d2-269b-78553163e453">
      <Execution id="6d7b584f-ee34-411d-a084-314db2f5c651" />
      <TestMethod codeBase="C:/Users/rolim/Documents/GitHub/softwrench/softwrench.sW4.test/bin/Debug/softwrench.sW4.test.DLL" adapterTypeName="Microsoft.VisualStudio.TestTools.TestTypes.Unit.UnitTestAdapter, Microsoft.VisualStudio.QualityTools.Tips.UnitTest.Adapter, Version=12.0.0.0, Culture=neutral, PublicKeyToken=b03f5f7f11d50a3a" className="softwrench.sW4.test.Data.Search.ApplicationSearchTest, softwrench.sW4.test, Version=1.0.0.0, Culture=neutral, PublicKeyToken=null" name="MultipleFieldsSearchDtoTest" />
    </UnitTest>
    <UnitTest name="TestMethod1" storage="../softwrench.sw4.test/bin/debug/softwrench.sw4.test.dll" id="2ccc5849-fe9d-ffc5-c877-9e28427a4330">
      <Execution id="0d82deb6-d3cc-487c-986b-4b261f734374" />
      <TestMethod codeBase="C:/Users/rolim/Documents/GitHub/softwrench/softwrench.sW4.test/bin/Debug/softwrench.sW4.test.DLL" adapterTypeName="Microsoft.VisualStudio.TestTools.TestTypes.Unit.UnitTestAdapter, Microsoft.VisualStudio.QualityTools.Tips.UnitTest.Adapter, Version=12.0.0.0, Culture=neutral, PublicKeyToken=b03f5f7f11d50a3a" className="softwrench.sW4.test.ToStringElParserTest, softwrench.sW4.test, Version=1.0.0.0, Culture=neutral, PublicKeyToken=null" name="TestMethod1" />
    </UnitTest>
    <UnitTest name="TestMethod2" storage="../softwrench.sw4.test/bin/debug/softwrench.sw4.test.dll" id="79ce1f70-64ff-be37-7e0d-989ae55ae541">
      <Execution id="fc789ecc-9098-41b8-aa65-98fb41483f6d" />
      <TestMethod codeBase="C:/Users/rolim/Documents/GitHub/softwrench/softwrench.sW4.test/bin/Debug/softwrench.sW4.test.DLL" adapterTypeName="Microsoft.VisualStudio.TestTools.TestTypes.Unit.UnitTestAdapter, Microsoft.VisualStudio.QualityTools.Tips.UnitTest.Adapter, Version=12.0.0.0, Culture=neutral, PublicKeyToken=b03f5f7f11d50a3a" className="softwrench.sW4.test.Data.Persistence.Relational.QueryBuilder.Basic.QuerySelectBuilderTest, softwrench.sW4.test, Version=1.0.0.0, Culture=neutral, PublicKeyToken=null" name="TestMethod2" />
    </UnitTest>
    <UnitTest name="SearchWithQueryParameter" storage="../softwrench.sw4.test/bin/debug/softwrench.sw4.test.dll" id="b519b0dd-c920-4dd8-64fe-8cc0189a57a6">
      <Execution id="6aa46606-4d46-4e9d-b4f6-026af56e7fb4" />
      <TestMethod codeBase="C:/Users/rolim/Documents/GitHub/softwrench/softwrench.sW4.test/bin/Debug/softwrench.sW4.test.DLL" adapterTypeName="Microsoft.VisualStudio.TestTools.TestTypes.Unit.UnitTestAdapter, Microsoft.VisualStudio.QualityTools.Tips.UnitTest.Adapter, Version=12.0.0.0, Culture=neutral, PublicKeyToken=b03f5f7f11d50a3a" className="softwrench.sW4.test.Data.Search.ApplicationSearchTest, softwrench.sW4.test, Version=1.0.0.0, Culture=neutral, PublicKeyToken=null" name="SearchWithQueryParameter" />
    </UnitTest>
    <UnitTest name="MetadataAskTest" storage="../softwrench.sw4.test/bin/debug/softwrench.sw4.test.dll" id="9cc87e19-8502-dc92-21f2-9e2c9ff97a55">
      <Execution id="c696d1e2-93cf-4dd4-a8e0-1aebee35f33f" />
      <TestMethod codeBase="C:/Users/rolim/Documents/GitHub/softwrench/softwrench.sW4.test/bin/Debug/softwrench.sW4.test.DLL" adapterTypeName="Microsoft.VisualStudio.TestTools.TestTypes.Unit.UnitTestAdapter, Microsoft.VisualStudio.QualityTools.Tips.UnitTest.Adapter, Version=12.0.0.0, Culture=neutral, PublicKeyToken=b03f5f7f11d50a3a" className="softwrench.sW4.test.Configuration.Service.ConfigurationServiceTest, softwrench.sW4.test, Version=1.0.0.0, Culture=neutral, PublicKeyToken=null" name="MetadataAskTest" />
    </UnitTest>
    <UnitTest name="TestAllCatalogsOk" storage="../softwrench.sw4.test/bin/debug/softwrench.sw4.test.dll" id="da13500b-fd77-6dbc-e99f-be00c510ca6a">
      <Execution id="f2cf6882-8301-4e42-ad6d-65a49affb496" />
      <TestMethod codeBase="C:/Users/rolim/Documents/GitHub/softwrench/softwrench.sW4.test/bin/Debug/softwrench.sW4.test.DLL" adapterTypeName="Microsoft.VisualStudio.TestTools.TestTypes.Unit.UnitTestAdapter, Microsoft.VisualStudio.QualityTools.Tips.UnitTest.Adapter, Version=12.0.0.0, Culture=neutral, PublicKeyToken=b03f5f7f11d50a3a" className="softwrench.sW4.test.Util.I18NResolverTest, softwrench.sW4.test, Version=1.0.0.0, Culture=neutral, PublicKeyToken=null" name="TestAllCatalogsOk" />
    </UnitTest>
    <UnitTest name="TestEmptySchema" storage="../softwrench.sw4.test/bin/debug/softwrench.sw4.test.dll" id="1c66d0fe-c7f9-a3e4-73f5-425d13fa0154">
      <Execution id="611b1a61-0753-49c5-bfd9-c0fc200204d0" />
      <TestMethod codeBase="C:/Users/rolim/Documents/GitHub/softwrench/softwrench.sW4.test/bin/Debug/softwrench.sW4.test.DLL" adapterTypeName="Microsoft.VisualStudio.TestTools.TestTypes.Unit.UnitTestAdapter, Microsoft.VisualStudio.QualityTools.Tips.UnitTest.Adapter, Version=12.0.0.0, Culture=neutral, PublicKeyToken=b03f5f7f11d50a3a" className="softwrench.sW4.test.Metadata.Applications.Command.ApplicationCommandMergerTest, softwrench.sW4.test, Version=1.0.0.0, Culture=neutral, PublicKeyToken=null" name="TestEmptySchema" />
    </UnitTest>
    <UnitTest name="TestWebMenuParsing" storage="../softwrench.sw4.test/bin/debug/softwrench.sw4.test.dll" id="f07df37d-90e4-087a-a292-d0b5f1ea8755">
      <Execution id="75b2b6ab-845f-4bd4-b2fd-e641e60c9502" />
      <TestMethod codeBase="C:/Users/rolim/Documents/GitHub/softwrench/softwrench.sW4.test/bin/Debug/softwrench.sW4.test.DLL" adapterTypeName="Microsoft.VisualStudio.TestTools.TestTypes.Unit.UnitTestAdapter, Microsoft.VisualStudio.QualityTools.Tips.UnitTest.Adapter, Version=12.0.0.0, Culture=neutral, PublicKeyToken=b03f5f7f11d50a3a" className="softwrench.sW4.test.Metadata.MenuParsingTest, softwrench.sW4.test, Version=1.0.0.0, Culture=neutral, PublicKeyToken=null" name="TestWebMenuParsing" />
    </UnitTest>
    <UnitTest name="TestParseWhereNull" storage="../softwrench.sw4.test/bin/debug/softwrench.sw4.test.dll" id="f5728043-1b0e-9f39-2376-5e1d076ce8ca">
      <Execution id="222f0bac-d120-4067-b135-cf1881bab1a4" />
      <TestMethod codeBase="C:/Users/rolim/Documents/GitHub/softwrench/softwrench.sW4.test/bin/Debug/softwrench.sW4.test.DLL" adapterTypeName="Microsoft.VisualStudio.TestTools.TestTypes.Unit.UnitTestAdapter, Microsoft.VisualStudio.QualityTools.Tips.UnitTest.Adapter, Version=12.0.0.0, Culture=neutral, PublicKeyToken=b03f5f7f11d50a3a" className="softwrench.sW4.test.Metadata.Association.DependencyBuilderTest, softwrench.sW4.test, Version=1.0.0.0, Culture=neutral, PublicKeyToken=null" name="TestParseWhereNull" />
    </UnitTest>
    <UnitTest name="ThreeLevels" storage="../softwrench.sw4.test/bin/debug/softwrench.sw4.test.dll" id="7c2666c2-422b-e734-1b7f-67ece0ad5d47">
      <Execution id="85c21983-2e30-4076-9c3a-0c9b87de5684" />
      <TestMethod codeBase="C:/Users/rolim/Documents/GitHub/softwrench/softwrench.sW4.test/bin/Debug/softwrench.sW4.test.DLL" adapterTypeName="Microsoft.VisualStudio.TestTools.TestTypes.Unit.UnitTestAdapter, Microsoft.VisualStudio.QualityTools.Tips.UnitTest.Adapter, Version=12.0.0.0, Culture=neutral, PublicKeyToken=b03f5f7f11d50a3a" className="softwrench.sW4.test.Category.CategoryUtilTest, softwrench.sW4.test, Version=1.0.0.0, Culture=neutral, PublicKeyToken=null" name="ThreeLevels" />
    </UnitTest>
    <UnitTest name="TestAddFk" storage="../softwrench.sw4.test/bin/debug/softwrench.sw4.test.dll" id="9da10d2c-99b7-4eb2-a14a-fee15fd6b52a">
      <Execution id="a2780078-9b87-4f7d-b6fd-59a02066f32c" />
      <TestMethod codeBase="C:/Users/rolim/Documents/GitHub/softwrench/softwrench.sW4.test/bin/Debug/softwrench.sW4.test.DLL" adapterTypeName="Microsoft.VisualStudio.TestTools.TestTypes.Unit.UnitTestAdapter, Microsoft.VisualStudio.QualityTools.Tips.UnitTest.Adapter, Version=12.0.0.0, Culture=neutral, PublicKeyToken=b03f5f7f11d50a3a" className="softwrench.sW4.test.Metadata.MissingSchemaFieldsTest, softwrench.sW4.test, Version=1.0.0.0, Culture=neutral, PublicKeyToken=null" name="TestAddFk" />
    </UnitTest>
    <UnitTest name="ReplaceAsset" storage="../softwrench.sw4.test/bin/debug/softwrench.sw4.test.dll" id="03b6a6cb-f3f0-66dd-342c-054ba69b10a6">
      <Execution id="5c9649b2-2567-41d2-ae25-fc6f12d22fa6" />
      <TestMethod codeBase="C:/Users/rolim/Documents/GitHub/softwrench/softwrench.sW4.test/bin/Debug/softwrench.sW4.test.DLL" adapterTypeName="Microsoft.VisualStudio.TestTools.TestTypes.Unit.UnitTestAdapter, Microsoft.VisualStudio.QualityTools.Tips.UnitTest.Adapter, Version=12.0.0.0, Culture=neutral, PublicKeyToken=b03f5f7f11d50a3a" className="softwrench.sW4.test.Data.Persistence.WS.Ism.ImacDescriptionHandlerTest, softwrench.sW4.test, Version=1.0.0.0, Culture=neutral, PublicKeyToken=null" name="ReplaceAsset" />
    </UnitTest>
    <UnitTest name="TestStringToBytes" storage="../softwrench.sw4.test/bin/debug/softwrench.sw4.test.dll" id="db90e7b4-7edb-e986-5eaa-4312b542d56a">
      <Execution id="978e5457-d49c-4731-9863-3637cc8e1675" />
      <TestMethod codeBase="C:/Users/rolim/Documents/GitHub/softwrench/softwrench.sW4.test/bin/Debug/softwrench.sW4.test.DLL" adapterTypeName="Microsoft.VisualStudio.TestTools.TestTypes.Unit.UnitTestAdapter, Microsoft.VisualStudio.QualityTools.Tips.UnitTest.Adapter, Version=12.0.0.0, Culture=neutral, PublicKeyToken=b03f5f7f11d50a3a" className="softwrench.sW4.test.Util.CompressorUtilTest, softwrench.sW4.test, Version=1.0.0.0, Culture=neutral, PublicKeyToken=null" name="TestStringToBytes" />
    </UnitTest>
    <UnitTest name="Move" storage="../softwrench.sw4.test/bin/debug/softwrench.sw4.test.dll" id="e65bc6e1-59c6-47f3-db18-afd367994c2a">
      <Execution id="1693d868-4230-42f5-955a-672609b80d5b" />
      <TestMethod codeBase="C:/Users/rolim/Documents/GitHub/softwrench/softwrench.sW4.test/bin/Debug/softwrench.sW4.test.DLL" adapterTypeName="Microsoft.VisualStudio.TestTools.TestTypes.Unit.UnitTestAdapter, Microsoft.VisualStudio.QualityTools.Tips.UnitTest.Adapter, Version=12.0.0.0, Culture=neutral, PublicKeyToken=b03f5f7f11d50a3a" className="softwrench.sW4.test.Data.Persistence.WS.Ism.ImacDescriptionHandlerTest, softwrench.sW4.test, Version=1.0.0.0, Culture=neutral, PublicKeyToken=null" name="Move" />
    </UnitTest>
    <UnitTest name="TestSchemaTitle" storage="../softwrench.sw4.test/bin/debug/softwrench.sw4.test.dll" id="16f7b9df-3e74-1b0e-bd2f-0aae808f916b">
      <Execution id="7b959d25-d2e2-4eb7-b8ec-577d3df5a5cb" />
      <TestMethod codeBase="C:/Users/rolim/Documents/GitHub/softwrench/softwrench.sW4.test/bin/Debug/softwrench.sW4.test.DLL" adapterTypeName="Microsoft.VisualStudio.TestTools.TestTypes.Unit.UnitTestAdapter, Microsoft.VisualStudio.QualityTools.Tips.UnitTest.Adapter, Version=12.0.0.0, Culture=neutral, PublicKeyToken=b03f5f7f11d50a3a" className="softwrench.sW4.test.Util.I18NResolverTest, softwrench.sW4.test, Version=1.0.0.0, Culture=neutral, PublicKeyToken=null" name="TestSchemaTitle" />
    </UnitTest>
    <UnitTest name="TestParameterReplacement" storage="../softwrench.sw4.test/bin/debug/softwrench.sw4.test.dll" id="219d335f-0870-4220-8e61-3f41d8c43f86">
      <Execution id="8edf4f1b-f27b-451d-a1a6-03f577a59c42" />
      <TestMethod codeBase="C:/Users/rolim/Documents/GitHub/softwrench/softwrench.sW4.test/bin/Debug/softwrench.sW4.test.DLL" adapterTypeName="Microsoft.VisualStudio.TestTools.TestTypes.Unit.UnitTestAdapter, Microsoft.VisualStudio.QualityTools.Tips.UnitTest.Adapter, Version=12.0.0.0, Culture=neutral, PublicKeyToken=b03f5f7f11d50a3a" className="softwrench.sW4.test.Util.LoggingUtilTest, softwrench.sW4.test, Version=1.0.0.0, Culture=neutral, PublicKeyToken=null" name="TestParameterReplacement" />
    </UnitTest>
    <UnitTest name="ModuleAskTestCombination" storage="../softwrench.sw4.test/bin/debug/softwrench.sw4.test.dll" id="6b36e6d8-292b-c774-7d37-856a0cd8f3f0">
      <Execution id="ec5195cf-796c-401a-96fb-944ac2bcfcf5" />
      <TestMethod codeBase="C:/Users/rolim/Documents/GitHub/softwrench/softwrench.sW4.test/bin/Debug/softwrench.sW4.test.DLL" adapterTypeName="Microsoft.VisualStudio.TestTools.TestTypes.Unit.UnitTestAdapter, Microsoft.VisualStudio.QualityTools.Tips.UnitTest.Adapter, Version=12.0.0.0, Culture=neutral, PublicKeyToken=b03f5f7f11d50a3a" className="softwrench.sW4.test.Configuration.Service.ConfigurationServiceTest, softwrench.sW4.test, Version=1.0.0.0, Culture=neutral, PublicKeyToken=null" name="ModuleAskTestCombination" />
    </UnitTest>
    <UnitTest name="TestUserGenericProperties" storage="../softwrench.sw4.test/bin/debug/softwrench.sw4.test.dll" id="fcd2d0b5-5fce-84b9-ceb5-2d1e72e52721">
      <Execution id="132b7e2e-68cd-4a36-a3d7-9aa0525a50dc" />
      <TestMethod codeBase="C:/Users/rolim/Documents/GitHub/softwrench/softwrench.sW4.test/bin/Debug/softwrench.sW4.test.DLL" adapterTypeName="Microsoft.VisualStudio.TestTools.TestTypes.Unit.UnitTestAdapter, Microsoft.VisualStudio.QualityTools.Tips.UnitTest.Adapter, Version=12.0.0.0, Culture=neutral, PublicKeyToken=b03f5f7f11d50a3a" className="softwrench.sW4.test.Data.Persistence.Relational.DataConstraintWhereBuilderTest, softwrench.sW4.test, Version=1.0.0.0, Culture=neutral, PublicKeyToken=null" name="TestUserGenericProperties" />
    </UnitTest>
    <UnitTest name="SearchWithFixedParam_Hapag_SEARCH_TEST" storage="../softwrench.sw4.test/bin/debug/softwrench.sw4.test.dll" id="26ef22f7-16e4-fc2c-0534-9721d0a60367">
      <Execution id="f5c32bd6-4dd8-4984-80e3-936a752650ff" />
      <TestMethod codeBase="C:/Users/rolim/Documents/GitHub/softwrench/softwrench.sW4.test/bin/Debug/softwrench.sW4.test.DLL" adapterTypeName="Microsoft.VisualStudio.TestTools.TestTypes.Unit.UnitTestAdapter, Microsoft.VisualStudio.QualityTools.Tips.UnitTest.Adapter, Version=12.0.0.0, Culture=neutral, PublicKeyToken=b03f5f7f11d50a3a" className="softwrench.sW4.test.Data.Search.ApplicationSearchTest, softwrench.sW4.test, Version=1.0.0.0, Culture=neutral, PublicKeyToken=null" name="SearchWithFixedParam_Hapag_SEARCH_TEST" />
    </UnitTest>
    <UnitTest name="TestSelect2" storage="../softwrench.sw4.test/bin/debug/softwrench.sw4.test.dll" id="167ef33e-6f10-7229-4011-145d2ccab00c">
      <Execution id="d60c7b0e-625c-420b-9e1f-235fc54b4c72" />
      <TestMethod codeBase="C:/Users/rolim/Documents/GitHub/softwrench/softwrench.sW4.test/bin/Debug/softwrench.sW4.test.DLL" adapterTypeName="Microsoft.VisualStudio.TestTools.TestTypes.Unit.UnitTestAdapter, Microsoft.VisualStudio.QualityTools.Tips.UnitTest.Adapter, Version=12.0.0.0, Culture=neutral, PublicKeyToken=b03f5f7f11d50a3a" className="softwrench.sW4.test.Metadata.Entities.HapagSlicedEntityMetadataBuilderTest, softwrench.sW4.test, Version=1.0.0.0, Culture=neutral, PublicKeyToken=null" name="TestSelect2" />
    </UnitTest>
    <UnitTest name="TestAddWorkLogToIncident" storage="../softwrench.sw4.test/bin/debug/softwrench.sw4.test.dll" id="f73a787c-a23b-780e-8e7b-138c77bf9b01">
      <Execution id="4b0269a5-253a-4f99-b40f-c26a6ebfee9f" />
      <TestMethod codeBase="C:/Users/rolim/Documents/GitHub/softwrench/softwrench.sW4.test/bin/Debug/softwrench.sW4.test.DLL" adapterTypeName="Microsoft.VisualStudio.TestTools.TestTypes.Unit.UnitTestAdapter, Microsoft.VisualStudio.QualityTools.Tips.UnitTest.Adapter, Version=12.0.0.0, Culture=neutral, PublicKeyToken=b03f5f7f11d50a3a" className="softwrench.sW4.test.Data.Entities.EntityBuilderTestGric, softwrench.sW4.test, Version=1.0.0.0, Culture=neutral, PublicKeyToken=null" name="TestAddWorkLogToIncident" />
    </UnitTest>
    <UnitTest name="TestMerge" storage="../softwrench.sw4.test/bin/debug/softwrench.sw4.test.dll" id="a0d3a6cd-a27f-c06d-ff98-bbb9fd660690">
      <Execution id="28b25b24-79f8-4a9f-ab8b-45f2c9ee3c2b" />
      <TestMethod codeBase="C:/Users/rolim/Documents/GitHub/softwrench/softwrench.sW4.test/bin/Debug/softwrench.sW4.test.DLL" adapterTypeName="Microsoft.VisualStudio.TestTools.TestTypes.Unit.UnitTestAdapter, Microsoft.VisualStudio.QualityTools.Tips.UnitTest.Adapter, Version=12.0.0.0, Culture=neutral, PublicKeyToken=b03f5f7f11d50a3a" className="softwrench.sW4.test.Metadata.Association.AssociationHelperTest, softwrench.sW4.test, Version=1.0.0.0, Culture=neutral, PublicKeyToken=null" name="TestMerge" />
    </UnitTest>
    <UnitTest name="AskForSchemaWithProfile" storage="../softwrench.sw4.test/bin/debug/softwrench.sw4.test.dll" id="7a5cdedc-490e-b120-1c33-25cb05e51a80">
      <Execution id="f6f3a3ae-a9be-4973-920e-288fab341e64" />
      <TestMethod codeBase="C:/Users/rolim/Documents/GitHub/softwrench/softwrench.sW4.test/bin/Debug/softwrench.sW4.test.DLL" adapterTypeName="Microsoft.VisualStudio.TestTools.TestTypes.Unit.UnitTestAdapter, Microsoft.VisualStudio.QualityTools.Tips.UnitTest.Adapter, Version=12.0.0.0, Culture=neutral, PublicKeyToken=b03f5f7f11d50a3a" className="softwrench.sW4.test.Configuration.Service.ConfigurationServiceTest, softwrench.sW4.test, Version=1.0.0.0, Culture=neutral, PublicKeyToken=null" name="AskForSchemaWithProfile" />
    </UnitTest>
    <UnitTest name="Simple" storage="../softwrench.sw4.test/bin/debug/softwrench.sw4.test.dll" id="af8947f1-fb3b-289d-9396-563c859c86d0">
      <Execution id="ae4ad15c-7aa5-481a-8dc3-b4814415d457" />
      <TestMethod codeBase="C:/Users/rolim/Documents/GitHub/softwrench/softwrench.sW4.test/bin/Debug/softwrench.sW4.test.DLL" adapterTypeName="Microsoft.VisualStudio.TestTools.TestTypes.Unit.UnitTestAdapter, Microsoft.VisualStudio.QualityTools.Tips.UnitTest.Adapter, Version=12.0.0.0, Culture=neutral, PublicKeyToken=b03f5f7f11d50a3a" className="softwrench.sW4.test.Data.Persistence.Relational.DataConstraintWhereBuilderTest, softwrench.sW4.test, Version=1.0.0.0, Culture=neutral, PublicKeyToken=null" name="Simple" />
    </UnitTest>
    <UnitTest name="TestMethod3_only_var" storage="../softwrench.sw4.test/bin/debug/softwrench.sw4.test.dll" id="50e6540e-2a88-ed1c-1a43-14f2c488cd81">
      <Execution id="49cab4d5-e362-4547-be65-4477708010ab" />
      <TestMethod codeBase="C:/Users/rolim/Documents/GitHub/softwrench/softwrench.sW4.test/bin/Debug/softwrench.sW4.test.DLL" adapterTypeName="Microsoft.VisualStudio.TestTools.TestTypes.Unit.UnitTestAdapter, Microsoft.VisualStudio.QualityTools.Tips.UnitTest.Adapter, Version=12.0.0.0, Culture=neutral, PublicKeyToken=b03f5f7f11d50a3a" className="softwrench.sW4.test.ToStringElParserTest, softwrench.sW4.test, Version=1.0.0.0, Culture=neutral, PublicKeyToken=null" name="TestMethod3_only_var" />
    </UnitTest>
    <UnitTest name="UpdateAsset" storage="../softwrench.sw4.test/bin/debug/softwrench.sw4.test.dll" id="bcafc904-2f6a-a8dc-9875-4674e06860f9">
      <Execution id="7afb51ba-b15e-4e2b-9cd5-d835223c4fcb" />
      <TestMethod codeBase="C:/Users/rolim/Documents/GitHub/softwrench/softwrench.sW4.test/bin/Debug/softwrench.sW4.test.DLL" adapterTypeName="Microsoft.VisualStudio.TestTools.TestTypes.Unit.UnitTestAdapter, Microsoft.VisualStudio.QualityTools.Tips.UnitTest.Adapter, Version=12.0.0.0, Culture=neutral, PublicKeyToken=b03f5f7f11d50a3a" className="softwrench.sW4.test.Data.Persistence.WS.Ism.ImacDescriptionHandlerTest, softwrench.sW4.test, Version=1.0.0.0, Culture=neutral, PublicKeyToken=null" name="UpdateAsset" />
    </UnitTest>
    <UnitTest name="MetadataAskTest2" storage="../softwrench.sw4.test/bin/debug/softwrench.sw4.test.dll" id="b73bedac-7c7a-56d8-3ab1-6cc9cd6d5b56">
      <Execution id="60096861-26af-4096-bcfa-9961ec93d797" />
      <TestMethod codeBase="C:/Users/rolim/Documents/GitHub/softwrench/softwrench.sW4.test/bin/Debug/softwrench.sW4.test.DLL" adapterTypeName="Microsoft.VisualStudio.TestTools.TestTypes.Unit.UnitTestAdapter, Microsoft.VisualStudio.QualityTools.Tips.UnitTest.Adapter, Version=12.0.0.0, Culture=neutral, PublicKeyToken=b03f5f7f11d50a3a" className="softwrench.sW4.test.Configuration.Service.ConfigurationServiceTest, softwrench.sW4.test, Version=1.0.0.0, Culture=neutral, PublicKeyToken=null" name="MetadataAskTest2" />
    </UnitTest>
    <UnitTest name="TestMethod1" storage="../softwrench.sw4.test/bin/debug/softwrench.sw4.test.dll" id="0389179e-26b8-6e86-ea59-f0ffa6b7cf03">
      <Execution id="df213530-9f5e-4b37-af46-e4218eab419f" />
      <TestMethod codeBase="C:/Users/rolim/Documents/GitHub/softwrench/softwrench.sW4.test/bin/Debug/softwrench.sW4.test.DLL" adapterTypeName="Microsoft.VisualStudio.TestTools.TestTypes.Unit.UnitTestAdapter, Microsoft.VisualStudio.QualityTools.Tips.UnitTest.Adapter, Version=12.0.0.0, Culture=neutral, PublicKeyToken=b03f5f7f11d50a3a" className="softwrench.sW4.test.Data.Persistence.Relational.QueryBuilder.Basic.QueryFromBuilderTest, softwrench.sW4.test, Version=1.0.0.0, Culture=neutral, PublicKeyToken=null" name="TestMethod1" />
    </UnitTest>
    <UnitTest name="TestCreation" storage="../softwrench.sw4.test/bin/debug/softwrench.sw4.test.dll" id="95f1bef3-68e4-1b17-b985-c5bc01c1d500">
      <Execution id="c6e489bf-a84d-4464-a98f-55845c4b03f9" />
      <TestMethod codeBase="C:/Users/rolim/Documents/GitHub/softwrench/softwrench.sW4.test/bin/Debug/softwrench.sW4.test.DLL" adapterTypeName="Microsoft.VisualStudio.TestTools.TestTypes.Unit.UnitTestAdapter, Microsoft.VisualStudio.QualityTools.Tips.UnitTest.Adapter, Version=12.0.0.0, Culture=neutral, PublicKeyToken=b03f5f7f11d50a3a" className="softwrench.sW4.test.Data.Entities.EntityBuilderTest2, softwrench.sW4.test, Version=1.0.0.0, Culture=neutral, PublicKeyToken=null" name="TestCreation" />
    </UnitTest>
    <UnitTest name="SiteId" storage="../softwrench.sw4.test/bin/debug/softwrench.sw4.test.dll" id="2aa945b0-8a0c-047c-22ba-89b39080e9b4">
      <Execution id="baa7b6f9-b7eb-47d7-b73f-9f39d4e7f8d5" />
      <TestMethod codeBase="C:/Users/rolim/Documents/GitHub/softwrench/softwrench.sW4.test/bin/Debug/softwrench.sW4.test.DLL" adapterTypeName="Microsoft.VisualStudio.TestTools.TestTypes.Unit.UnitTestAdapter, Microsoft.VisualStudio.QualityTools.Tips.UnitTest.Adapter, Version=12.0.0.0, Culture=neutral, PublicKeyToken=b03f5f7f11d50a3a" className="softwrench.sW4.test.Data.Persistence.Relational.DataConstraintWhereBuilderTest, softwrench.sW4.test, Version=1.0.0.0, Culture=neutral, PublicKeyToken=null" name="SiteId" />
    </UnitTest>
    <UnitTest name="TestSelect" storage="../softwrench.sw4.test/bin/debug/softwrench.sw4.test.dll" id="45a2a7e9-9d20-b839-b088-74727e5e6fae">
      <Execution id="6fbf8a42-abfa-43b0-9ecf-8f1bb20ed40b" />
      <TestMethod codeBase="C:/Users/rolim/Documents/GitHub/softwrench/softwrench.sW4.test/bin/Debug/softwrench.sW4.test.DLL" adapterTypeName="Microsoft.VisualStudio.TestTools.TestTypes.Unit.UnitTestAdapter, Microsoft.VisualStudio.QualityTools.Tips.UnitTest.Adapter, Version=12.0.0.0, Culture=neutral, PublicKeyToken=b03f5f7f11d50a3a" className="softwrench.sW4.test.Metadata.Entities.HapagSlicedEntityMetadataBuilderTest, softwrench.sW4.test, Version=1.0.0.0, Culture=neutral, PublicKeyToken=null" name="TestSelect" />
    </UnitTest>
    <UnitTest name="TestMethod1" storage="../softwrench.sw4.test/bin/debug/softwrench.sw4.test.dll" id="27b5564a-4b1c-bc34-cdda-f84fa9a7751e">
      <Execution id="a26d89d3-a383-4176-a6ee-3634edfa7871" />
      <TestMethod codeBase="C:/Users/rolim/Documents/GitHub/softwrench/softwrench.sW4.test/bin/Debug/softwrench.sW4.test.DLL" adapterTypeName="Microsoft.VisualStudio.TestTools.TestTypes.Unit.UnitTestAdapter, Microsoft.VisualStudio.QualityTools.Tips.UnitTest.Adapter, Version=12.0.0.0, Culture=neutral, PublicKeyToken=b03f5f7f11d50a3a" className="softwrench.sW4.test.PaginationUtilsTest, softwrench.sW4.test, Version=1.0.0.0, Culture=neutral, PublicKeyToken=null" name="TestMethod1" />
    </UnitTest>
    <UnitTest name="TestReverseMapping" storage="../softwrench.sw4.test/bin/debug/softwrench.sw4.test.dll" id="8f371522-4d77-e027-7af9-fe472fbacd2e">
      <Execution id="cbaf2b26-e906-4035-836f-6c2a7ca5a212" />
      <TestMethod codeBase="C:/Users/rolim/Documents/GitHub/softwrench/softwrench.sW4.test/bin/Debug/softwrench.sW4.test.DLL" adapterTypeName="Microsoft.VisualStudio.TestTools.TestTypes.Unit.UnitTestAdapter, Microsoft.VisualStudio.QualityTools.Tips.UnitTest.Adapter, Version=12.0.0.0, Culture=neutral, PublicKeyToken=b03f5f7f11d50a3a" className="softwrench.sW4.test.Metadata.Entities.HapagSlicedEntityMetadataBuilderTest, softwrench.sW4.test, Version=1.0.0.0, Culture=neutral, PublicKeyToken=null" name="TestReverseMapping" />
    </UnitTest>
    <UnitTest name="TestMethod2" storage="../softwrench.sw4.test/bin/debug/softwrench.sw4.test.dll" id="ab5ef0c4-4676-92ba-5b5c-b3edc2f8e558">
      <Execution id="2552d95c-7ebd-4b7a-b473-6293b06f8562" />
      <TestMethod codeBase="C:/Users/rolim/Documents/GitHub/softwrench/softwrench.sW4.test/bin/Debug/softwrench.sW4.test.DLL" adapterTypeName="Microsoft.VisualStudio.TestTools.TestTypes.Unit.UnitTestAdapter, Microsoft.VisualStudio.QualityTools.Tips.UnitTest.Adapter, Version=12.0.0.0, Culture=neutral, PublicKeyToken=b03f5f7f11d50a3a" className="softwrench.sW4.test.ToStringElParserTest, softwrench.sW4.test, Version=1.0.0.0, Culture=neutral, PublicKeyToken=null" name="TestMethod2" />
    </UnitTest>
    <UnitTest name="TestParseWhere2" storage="../softwrench.sw4.test/bin/debug/softwrench.sw4.test.dll" id="9fbe5469-6512-aa7d-2fdc-c8be71dac349">
      <Execution id="c9b159a0-0222-42bc-bb7f-09a65044e479" />
      <TestMethod codeBase="C:/Users/rolim/Documents/GitHub/softwrench/softwrench.sW4.test/bin/Debug/softwrench.sW4.test.DLL" adapterTypeName="Microsoft.VisualStudio.TestTools.TestTypes.Unit.UnitTestAdapter, Microsoft.VisualStudio.QualityTools.Tips.UnitTest.Adapter, Version=12.0.0.0, Culture=neutral, PublicKeyToken=b03f5f7f11d50a3a" className="softwrench.sW4.test.Metadata.Association.DependencyBuilderTest, softwrench.sW4.test, Version=1.0.0.0, Culture=neutral, PublicKeyToken=null" name="TestParseWhere2" />
    </UnitTest>
    <UnitTest name="TestNestedGetAttribute" storage="../softwrench.sw4.test/bin/debug/softwrench.sw4.test.dll" id="ac73e394-f3c5-3328-c189-777634c29010">
      <Execution id="3563f4e7-a0c7-46dd-8422-34b13444d06e" />
      <TestMethod codeBase="C:/Users/rolim/Documents/GitHub/softwrench/softwrench.sW4.test/bin/Debug/softwrench.sW4.test.DLL" adapterTypeName="Microsoft.VisualStudio.TestTools.TestTypes.Unit.UnitTestAdapter, Microsoft.VisualStudio.QualityTools.Tips.UnitTest.Adapter, Version=12.0.0.0, Culture=neutral, PublicKeyToken=b03f5f7f11d50a3a" className="softwrench.sW4.test.Data.Entities.EntityBuilderTestHapag, softwrench.sW4.test, Version=1.0.0.0, Culture=neutral, PublicKeyToken=null" name="TestNestedGetAttribute" />
    </UnitTest>
    <UnitTest name="TestFrom" storage="../softwrench.sw4.test/bin/debug/softwrench.sw4.test.dll" id="b7d86fdc-6fee-84a5-58aa-f9b91c364c85">
      <Execution id="ab07ab8e-994f-4da8-8f9e-f9269b15f771" />
      <TestMethod codeBase="C:/Users/rolim/Documents/GitHub/softwrench/softwrench.sW4.test/bin/Debug/softwrench.sW4.test.DLL" adapterTypeName="Microsoft.VisualStudio.TestTools.TestTypes.Unit.UnitTestAdapter, Microsoft.VisualStudio.QualityTools.Tips.UnitTest.Adapter, Version=12.0.0.0, Culture=neutral, PublicKeyToken=b03f5f7f11d50a3a" className="softwrench.sW4.test.Metadata.Entities.HapagSlicedEntityMetadataBuilderTest, softwrench.sW4.test, Version=1.0.0.0, Culture=neutral, PublicKeyToken=null" name="TestFrom" />
    </UnitTest>
    <UnitTest name="SR_HAPAG_CONDITION" storage="../softwrench.sw4.test/bin/debug/softwrench.sw4.test.dll" id="cd8c146c-dbc6-0e8a-c3e4-cda875b7d88a">
      <Execution id="29515bb0-db1b-4d5f-a61c-a41e8b902ed1" />
      <TestMethod codeBase="C:/Users/rolim/Documents/GitHub/softwrench/softwrench.sW4.test/bin/Debug/softwrench.sW4.test.DLL" adapterTypeName="Microsoft.VisualStudio.TestTools.TestTypes.Unit.UnitTestAdapter, Microsoft.VisualStudio.QualityTools.Tips.UnitTest.Adapter, Version=12.0.0.0, Culture=neutral, PublicKeyToken=b03f5f7f11d50a3a" className="softwrench.sW4.test.Configuration.Service.ConfigurationServiceTest, softwrench.sW4.test, Version=1.0.0.0, Culture=neutral, PublicKeyToken=null" name="SR_HAPAG_CONDITION" />
    </UnitTest>
    <UnitTest name="RequestNullReturnApp" storage="../softwrench.sw4.test/bin/debug/softwrench.sw4.test.dll" id="4aa1307b-627a-98dd-6f20-5dee6d1130a6">
      <Execution id="fd87ef45-078f-4ccc-85b2-8c025c425411" />
      <TestMethod codeBase="C:/Users/rolim/Documents/GitHub/softwrench/softwrench.sW4.test/bin/Debug/softwrench.sW4.test.DLL" adapterTypeName="Microsoft.VisualStudio.TestTools.TestTypes.Unit.UnitTestAdapter, Microsoft.VisualStudio.QualityTools.Tips.UnitTest.Adapter, Version=12.0.0.0, Culture=neutral, PublicKeyToken=b03f5f7f11d50a3a" className="softwrench.sW4.test.Metadata.Association.AssociationHelperTest, softwrench.sW4.test, Version=1.0.0.0, Culture=neutral, PublicKeyToken=null" name="RequestNullReturnApp" />
    </UnitTest>
    <UnitTest name="TestSelect4" storage="../softwrench.sw4.test/bin/debug/softwrench.sw4.test.dll" id="0eab8dc7-d3da-ddab-b9b9-e929032208a5">
      <Execution id="898f69aa-e5ed-459d-ac6e-e45f2dd27c02" />
      <TestMethod codeBase="C:/Users/rolim/Documents/GitHub/softwrench/softwrench.sW4.test/bin/Debug/softwrench.sW4.test.DLL" adapterTypeName="Microsoft.VisualStudio.TestTools.TestTypes.Unit.UnitTestAdapter, Microsoft.VisualStudio.QualityTools.Tips.UnitTest.Adapter, Version=12.0.0.0, Culture=neutral, PublicKeyToken=b03f5f7f11d50a3a" className="softwrench.sW4.test.Metadata.Entities.HapagSlicedEntityMetadataBuilderTest, softwrench.sW4.test, Version=1.0.0.0, Culture=neutral, PublicKeyToken=null" name="TestSelect4" />
    </UnitTest>
    <UnitTest name="TestQuestionMark" storage="../softwrench.sw4.test/bin/debug/softwrench.sw4.test.dll" id="4988fb77-d19b-a1c4-7211-49326cebe459">
      <Execution id="bdca4988-851c-472c-84d0-b86068817bbe" />
      <TestMethod codeBase="C:/Users/rolim/Documents/GitHub/softwrench/softwrench.sW4.test/bin/Debug/softwrench.sW4.test.DLL" adapterTypeName="Microsoft.VisualStudio.TestTools.TestTypes.Unit.UnitTestAdapter, Microsoft.VisualStudio.QualityTools.Tips.UnitTest.Adapter, Version=12.0.0.0, Culture=neutral, PublicKeyToken=b03f5f7f11d50a3a" className="softwrench.sW4.test.Util.LoggingUtilTest, softwrench.sW4.test, Version=1.0.0.0, Culture=neutral, PublicKeyToken=null" name="TestQuestionMark" />
    </UnitTest>
    <UnitTest name="TestReplace_Nulls" storage="../softwrench.sw4.test/bin/debug/softwrench.sw4.test.dll" id="d152a551-5397-a869-2a68-6828ef50c3fe">
      <Execution id="9e16202e-6045-4fcf-a20a-de1d64d0103c" />
      <TestMethod codeBase="C:/Users/rolim/Documents/GitHub/softwrench/softwrench.sW4.test/bin/Debug/softwrench.sW4.test.DLL" adapterTypeName="Microsoft.VisualStudio.TestTools.TestTypes.Unit.UnitTestAdapter, Microsoft.VisualStudio.QualityTools.Tips.UnitTest.Adapter, Version=12.0.0.0, Culture=neutral, PublicKeyToken=b03f5f7f11d50a3a" className="softwrench.sW4.test.Data.Persistence.Relational.QueryBuilder.Basic.QuerySelectBuilderTest, softwrench.sW4.test, Version=1.0.0.0, Culture=neutral, PublicKeyToken=null" name="TestReplace_Nulls" />
    </UnitTest>
    <UnitTest name="TestSelectNullAttributes" storage="../softwrench.sw4.test/bin/debug/softwrench.sw4.test.dll" id="619856f5-fbf3-c422-976f-5fa6bbf0cc3c">
      <Execution id="b3b979e2-a1fb-4645-9a46-2205948064cb" />
      <TestMethod codeBase="C:/Users/rolim/Documents/GitHub/softwrench/softwrench.sW4.test/bin/Debug/softwrench.sW4.test.DLL" adapterTypeName="Microsoft.VisualStudio.TestTools.TestTypes.Unit.UnitTestAdapter, Microsoft.VisualStudio.QualityTools.Tips.UnitTest.Adapter, Version=12.0.0.0, Culture=neutral, PublicKeyToken=b03f5f7f11d50a3a" className="softwrench.sW4.test.Metadata.Entities.HapagSlicedEntityMetadataBuilderTest, softwrench.sW4.test, Version=1.0.0.0, Culture=neutral, PublicKeyToken=null" name="TestSelectNullAttributes" />
    </UnitTest>
    <UnitTest name="AskForModule_DoNotConsiderDefault" storage="../softwrench.sw4.test/bin/debug/softwrench.sw4.test.dll" id="eae5e7a0-61f9-bb9e-5837-61a982aa884e">
      <Execution id="3cfe4be3-6a07-444f-9b89-a5b0e10269d9" />
      <TestMethod codeBase="C:/Users/rolim/Documents/GitHub/softwrench/softwrench.sW4.test/bin/Debug/softwrench.sW4.test.DLL" adapterTypeName="Microsoft.VisualStudio.TestTools.TestTypes.Unit.UnitTestAdapter, Microsoft.VisualStudio.QualityTools.Tips.UnitTest.Adapter, Version=12.0.0.0, Culture=neutral, PublicKeyToken=b03f5f7f11d50a3a" className="softwrench.sW4.test.Configuration.Service.ConfigurationServiceTest, softwrench.sW4.test, Version=1.0.0.0, Culture=neutral, PublicKeyToken=null" name="AskForModule_DoNotConsiderDefault" />
    </UnitTest>
    <UnitTest name="BothNulls" storage="../softwrench.sw4.test/bin/debug/softwrench.sw4.test.dll" id="c6eb0ddd-105b-065b-1c32-96233b44078e">
      <Execution id="96c20499-8065-431e-913a-a96bfb8849a0" />
      <TestMethod codeBase="C:/Users/rolim/Documents/GitHub/softwrench/softwrench.sW4.test/bin/Debug/softwrench.sW4.test.DLL" adapterTypeName="Microsoft.VisualStudio.TestTools.TestTypes.Unit.UnitTestAdapter, Microsoft.VisualStudio.QualityTools.Tips.UnitTest.Adapter, Version=12.0.0.0, Culture=neutral, PublicKeyToken=b03f5f7f11d50a3a" className="softwrench.sW4.test.Metadata.Association.AssociationHelperTest, softwrench.sW4.test, Version=1.0.0.0, Culture=neutral, PublicKeyToken=null" name="BothNulls" />
    </UnitTest>
    <UnitTest name="TestSelect" storage="../softwrench.sw4.test/bin/debug/softwrench.sw4.test.dll" id="634d16c0-8174-af93-abfb-30f2c13468e7">
      <Execution id="a1c9c93d-ae50-47f5-89b4-6ef7c7b7c4a4" />
      <TestMethod codeBase="C:/Users/rolim/Documents/GitHub/softwrench/softwrench.sW4.test/bin/Debug/softwrench.sW4.test.DLL" adapterTypeName="Microsoft.VisualStudio.TestTools.TestTypes.Unit.UnitTestAdapter, Microsoft.VisualStudio.QualityTools.Tips.UnitTest.Adapter, Version=12.0.0.0, Culture=neutral, PublicKeyToken=b03f5f7f11d50a3a" className="softwrench.sW4.test.Metadata.Entities.OtbSlicedEntityMetadataBuilderTest, softwrench.sW4.test, Version=1.0.0.0, Culture=neutral, PublicKeyToken=null" name="TestSelect" />
    </UnitTest>
    <UnitTest name="TestQueryTranslation" storage="../softwrench.sw4.test/bin/debug/softwrench.sw4.test.dll" id="0570c3a1-164a-8720-ab47-d3feb9cadb85">
      <Execution id="94c30228-7d61-4b11-ac8e-6c5731d5868c" />
      <TestMethod codeBase="C:/Users/rolim/Documents/GitHub/softwrench/softwrench.sW4.test/bin/Debug/softwrench.sW4.test.DLL" adapterTypeName="Microsoft.VisualStudio.TestTools.TestTypes.Unit.UnitTestAdapter, Microsoft.VisualStudio.QualityTools.Tips.UnitTest.Adapter, Version=12.0.0.0, Culture=neutral, PublicKeyToken=b03f5f7f11d50a3a" className="softwrench.sW4.test.Util.HibernateUtilTest, softwrench.sW4.test, Version=1.0.0.0, Culture=neutral, PublicKeyToken=null" name="TestQueryTranslation" />
    </UnitTest>
    <UnitTest name="TestUpdate" storage="../softwrench.sw4.test/bin/debug/softwrench.sw4.test.dll" id="b4039629-7dd4-fbec-450a-227199cb12b7">
      <Execution id="7d034604-8750-4a34-a02f-1a4f4ab00bc1" />
      <TestMethod codeBase="C:/Users/rolim/Documents/GitHub/softwrench/softwrench.sW4.test/bin/Debug/softwrench.sW4.test.DLL" adapterTypeName="Microsoft.VisualStudio.TestTools.TestTypes.Unit.UnitTestAdapter, Microsoft.VisualStudio.QualityTools.Tips.UnitTest.Adapter, Version=12.0.0.0, Culture=neutral, PublicKeyToken=b03f5f7f11d50a3a" className="softwrench.sW4.test.Data.Entities.EntityBuilderTest2, softwrench.sW4.test, Version=1.0.0.0, Culture=neutral, PublicKeyToken=null" name="TestUpdate" />
    </UnitTest>
    <UnitTest name="AskForSchemaDoNotFind" storage="../softwrench.sw4.test/bin/debug/softwrench.sw4.test.dll" id="693df802-d6be-fc5d-2e6a-cc35adf3c28c">
      <Execution id="045f0ad0-89bd-4271-868c-0b5333ed3bca" />
      <TestMethod codeBase="C:/Users/rolim/Documents/GitHub/softwrench/softwrench.sW4.test/bin/Debug/softwrench.sW4.test.DLL" adapterTypeName="Microsoft.VisualStudio.TestTools.TestTypes.Unit.UnitTestAdapter, Microsoft.VisualStudio.QualityTools.Tips.UnitTest.Adapter, Version=12.0.0.0, Culture=neutral, PublicKeyToken=b03f5f7f11d50a3a" className="softwrench.sW4.test.Configuration.Service.ConfigurationServiceTest, softwrench.sW4.test, Version=1.0.0.0, Culture=neutral, PublicKeyToken=null" name="AskForSchemaDoNotFind" />
    </UnitTest>
    <UnitTest name="DateSearchDtoLTTest" storage="../softwrench.sw4.test/bin/debug/softwrench.sw4.test.dll" id="058e27e7-a60a-540c-3a8e-4bf7ccdc4123">
      <Execution id="91e6714e-8ee8-4df3-ad31-a2bf1317e819" />
      <TestMethod codeBase="C:/Users/rolim/Documents/GitHub/softwrench/softwrench.sW4.test/bin/Debug/softwrench.sW4.test.DLL" adapterTypeName="Microsoft.VisualStudio.TestTools.TestTypes.Unit.UnitTestAdapter, Microsoft.VisualStudio.QualityTools.Tips.UnitTest.Adapter, Version=12.0.0.0, Culture=neutral, PublicKeyToken=b03f5f7f11d50a3a" className="softwrench.sW4.test.Data.Search.ApplicationSearchTest, softwrench.sW4.test, Version=1.0.0.0, Culture=neutral, PublicKeyToken=null" name="DateSearchDtoLTTest" />
    </UnitTest>
    <UnitTest name="TestRemoveCommand" storage="../softwrench.sw4.test/bin/debug/softwrench.sw4.test.dll" id="1ab2007e-bf91-4ee1-e89b-ed7aabf86985">
      <Execution id="d9e7cb99-1aba-40d2-a6e4-b4a01573bb50" />
      <TestMethod codeBase="C:/Users/rolim/Documents/GitHub/softwrench/softwrench.sW4.test/bin/Debug/softwrench.sW4.test.DLL" adapterTypeName="Microsoft.VisualStudio.TestTools.TestTypes.Unit.UnitTestAdapter, Microsoft.VisualStudio.QualityTools.Tips.UnitTest.Adapter, Version=12.0.0.0, Culture=neutral, PublicKeyToken=b03f5f7f11d50a3a" className="softwrench.sW4.test.Metadata.Applications.Command.ApplicationCommandMergerTest, softwrench.sW4.test, Version=1.0.0.0, Culture=neutral, PublicKeyToken=null" name="TestRemoveCommand" />
    </UnitTest>
    <UnitTest name="TestMethod1" storage="../softwrench.sw4.test/bin/debug/softwrench.sw4.test.dll" id="d0527def-4469-3bef-c311-54ce24aea28b">
      <Execution id="b7c2fa4b-10fc-49b3-9535-3122a765a96c" />
      <TestMethod codeBase="C:/Users/rolim/Documents/GitHub/softwrench/softwrench.sW4.test/bin/Debug/softwrench.sW4.test.DLL" adapterTypeName="Microsoft.VisualStudio.TestTools.TestTypes.Unit.UnitTestAdapter, Microsoft.VisualStudio.QualityTools.Tips.UnitTest.Adapter, Version=12.0.0.0, Culture=neutral, PublicKeyToken=b03f5f7f11d50a3a" className="softwrench.sW4.test.Hapag.Data.Connector.Imac.ImacServicePlanHelperTest, softwrench.sW4.test, Version=1.0.0.0, Culture=neutral, PublicKeyToken=null" name="TestMethod1" />
    </UnitTest>
    <UnitTest name="TestAddWorkLogToIncident" storage="../softwrench.sw4.test/bin/debug/softwrench.sw4.test.dll" id="54460b47-3039-8cb9-e7af-3a4280f8ce78">
      <Execution id="82754b7c-6c82-40ad-81d1-7bb3694d024a" />
      <TestMethod codeBase="C:/Users/rolim/Documents/GitHub/softwrench/softwrench.sW4.test/bin/Debug/softwrench.sW4.test.DLL" adapterTypeName="Microsoft.VisualStudio.TestTools.TestTypes.Unit.UnitTestAdapter, Microsoft.VisualStudio.QualityTools.Tips.UnitTest.Adapter, Version=12.0.0.0, Culture=neutral, PublicKeyToken=b03f5f7f11d50a3a" className="softwrench.sW4.test.Data.Entities.EntityBuilderTestHapag, softwrench.sW4.test, Version=1.0.0.0, Culture=neutral, PublicKeyToken=null" name="TestAddWorkLogToIncident" />
    </UnitTest>
    <UnitTest name="TestMethod1" storage="../softwrench.sw4.test/bin/debug/softwrench.sw4.test.dll" id="db5a8b8d-463f-1e29-75d3-7c22f150f79f">
      <Execution id="1308f1ad-a49a-4637-94ef-49dece4833e6" />
      <TestMethod codeBase="C:/Users/rolim/Documents/GitHub/softwrench/softwrench.sW4.test/bin/Debug/softwrench.sW4.test.DLL" adapterTypeName="Microsoft.VisualStudio.TestTools.TestTypes.Unit.UnitTestAdapter, Microsoft.VisualStudio.QualityTools.Tips.UnitTest.Adapter, Version=12.0.0.0, Culture=neutral, PublicKeyToken=b03f5f7f11d50a3a" className="softwrench.sW4.test.Metadata.Entities.TargetConstantHandlerTest, softwrench.sW4.test, Version=1.0.0.0, Culture=neutral, PublicKeyToken=null" name="TestMethod1" />
    </UnitTest>
    <UnitTest name="TestFrom" storage="../softwrench.sw4.test/bin/debug/softwrench.sw4.test.dll" id="4375b126-b98f-0752-6b6b-302df4d378f5">
      <Execution id="74817b22-d385-4322-9fa0-1150dee4ea1f" />
      <TestMethod codeBase="C:/Users/rolim/Documents/GitHub/softwrench/softwrench.sW4.test/bin/Debug/softwrench.sW4.test.DLL" adapterTypeName="Microsoft.VisualStudio.TestTools.TestTypes.Unit.UnitTestAdapter, Microsoft.VisualStudio.QualityTools.Tips.UnitTest.Adapter, Version=12.0.0.0, Culture=neutral, PublicKeyToken=b03f5f7f11d50a3a" className="softwrench.sW4.test.Metadata.Entities.OtbSlicedEntityMetadataBuilderTest, softwrench.sW4.test, Version=1.0.0.0, Culture=neutral, PublicKeyToken=null" name="TestFrom" />
    </UnitTest>
    <UnitTest name="TestAllButSchema2" storage="../softwrench.sw4.test/bin/debug/softwrench.sw4.test.dll" id="7d148788-1a23-81e0-62aa-d6d167b7210c">
      <Execution id="c655cc7b-7c71-48bf-b37d-5e459ae3651f" />
      <TestMethod codeBase="C:/Users/rolim/Documents/GitHub/softwrench/softwrench.sW4.test/bin/Debug/softwrench.sW4.test.DLL" adapterTypeName="Microsoft.VisualStudio.TestTools.TestTypes.Unit.UnitTestAdapter, Microsoft.VisualStudio.QualityTools.Tips.UnitTest.Adapter, Version=12.0.0.0, Culture=neutral, PublicKeyToken=b03f5f7f11d50a3a" className="softwrench.sW4.test.Metadata.Association.AssociationHelperTest, softwrench.sW4.test, Version=1.0.0.0, Culture=neutral, PublicKeyToken=null" name="TestAllButSchema2" />
    </UnitTest>
    <UnitTest name="TestAssetListReportBug" storage="../softwrench.sw4.test/bin/debug/softwrench.sw4.test.dll" id="1cf08750-3251-452c-d9a1-5405821fb54e">
      <Execution id="6929471d-f6f6-4dca-972b-a2e04ecfd27e" />
      <TestMethod codeBase="C:/Users/rolim/Documents/GitHub/softwrench/softwrench.sW4.test/bin/Debug/softwrench.sW4.test.DLL" adapterTypeName="Microsoft.VisualStudio.TestTools.TestTypes.Unit.UnitTestAdapter, Microsoft.VisualStudio.QualityTools.Tips.UnitTest.Adapter, Version=12.0.0.0, Culture=neutral, PublicKeyToken=b03f5f7f11d50a3a" className="softwrench.sW4.test.Metadata.Entities.HapagSlicedEntityMetadataBuilderTest, softwrench.sW4.test, Version=1.0.0.0, Culture=neutral, PublicKeyToken=null" name="TestAssetListReportBug" />
    </UnitTest>
    <UnitTest name="BasicSearchDtoTest" storage="../softwrench.sw4.test/bin/debug/softwrench.sw4.test.dll" id="98020f3d-3d67-95ba-3ae7-3b514b0bc5dc">
      <Execution id="e9ad2222-7b8b-48c1-b459-2a2dc65f3563" />
      <TestMethod codeBase="C:/Users/rolim/Documents/GitHub/softwrench/softwrench.sW4.test/bin/Debug/softwrench.sW4.test.DLL" adapterTypeName="Microsoft.VisualStudio.TestTools.TestTypes.Unit.UnitTestAdapter, Microsoft.VisualStudio.QualityTools.Tips.UnitTest.Adapter, Version=12.0.0.0, Culture=neutral, PublicKeyToken=b03f5f7f11d50a3a" className="softwrench.sW4.test.Data.Search.ApplicationSearchTest, softwrench.sW4.test, Version=1.0.0.0, Culture=neutral, PublicKeyToken=null" name="BasicSearchDtoTest" />
    </UnitTest>
    <UnitTest name="TestStringToBytesCompressed" storage="../softwrench.sw4.test/bin/debug/softwrench.sw4.test.dll" id="ac59350e-b94c-3929-6c72-637148e3a7a0">
      <Execution id="217b2402-caa0-4224-9ddc-7164913df50f" />
      <TestMethod codeBase="C:/Users/rolim/Documents/GitHub/softwrench/softwrench.sW4.test/bin/Debug/softwrench.sW4.test.DLL" adapterTypeName="Microsoft.VisualStudio.TestTools.TestTypes.Unit.UnitTestAdapter, Microsoft.VisualStudio.QualityTools.Tips.UnitTest.Adapter, Version=12.0.0.0, Culture=neutral, PublicKeyToken=b03f5f7f11d50a3a" className="softwrench.sW4.test.Util.CompressorUtilTest, softwrench.sW4.test, Version=1.0.0.0, Culture=neutral, PublicKeyToken=null" name="TestStringToBytesCompressed" />
    </UnitTest>
    <UnitTest name="TestMethod4" storage="../softwrench.sw4.test/bin/debug/softwrench.sw4.test.dll" id="9177643c-7d01-dccf-b4c7-e2e78cd26785">
      <Execution id="7162b8ea-2c8a-40f0-a11b-99195638fd18" />
      <TestMethod codeBase="C:/Users/rolim/Documents/GitHub/softwrench/softwrench.sW4.test/bin/Debug/softwrench.sW4.test.DLL" adapterTypeName="Microsoft.VisualStudio.TestTools.TestTypes.Unit.UnitTestAdapter, Microsoft.VisualStudio.QualityTools.Tips.UnitTest.Adapter, Version=12.0.0.0, Culture=neutral, PublicKeyToken=b03f5f7f11d50a3a" className="softwrench.sW4.test.PaginationUtilsTest, softwrench.sW4.test, Version=1.0.0.0, Culture=neutral, PublicKeyToken=null" name="TestMethod4" />
    </UnitTest>
    <UnitTest name="NumberSearchDtoGteTest" storage="../softwrench.sw4.test/bin/debug/softwrench.sw4.test.dll" id="47ee8c2f-44b5-76ff-37ac-fdbc6fcd06fc">
      <Execution id="542149f9-2fc5-471b-90f0-68d4d2938ba7" />
      <TestMethod codeBase="C:/Users/rolim/Documents/GitHub/softwrench/softwrench.sW4.test/bin/Debug/softwrench.sW4.test.DLL" adapterTypeName="Microsoft.VisualStudio.TestTools.TestTypes.Unit.UnitTestAdapter, Microsoft.VisualStudio.QualityTools.Tips.UnitTest.Adapter, Version=12.0.0.0, Culture=neutral, PublicKeyToken=b03f5f7f11d50a3a" className="softwrench.sW4.test.Data.Search.SearchTest2, softwrench.sW4.test, Version=1.0.0.0, Culture=neutral, PublicKeyToken=null" name="NumberSearchDtoGteTest" />
    </UnitTest>
    <UnitTest name="NotEqNotEmptySearchDtoTest" storage="../softwrench.sw4.test/bin/debug/softwrench.sw4.test.dll" id="1ea3a08a-e479-6280-a556-9b2d5a32d24f">
      <Execution id="0b75c8b3-eea5-4e63-8d4a-5a6e5062f7d6" />
      <TestMethod codeBase="C:/Users/rolim/Documents/GitHub/softwrench/softwrench.sW4.test/bin/Debug/softwrench.sW4.test.DLL" adapterTypeName="Microsoft.VisualStudio.TestTools.TestTypes.Unit.UnitTestAdapter, Microsoft.VisualStudio.QualityTools.Tips.UnitTest.Adapter, Version=12.0.0.0, Culture=neutral, PublicKeyToken=b03f5f7f11d50a3a" className="softwrench.sW4.test.Data.Search.ApplicationSearchTest, softwrench.sW4.test, Version=1.0.0.0, Culture=neutral, PublicKeyToken=null" name="NotEqNotEmptySearchDtoTest" />
    </UnitTest>
    <UnitTest name="_2ConditionsOneWithModuleAnotherWithout_returnDefault" storage="../softwrench.sw4.test/bin/debug/softwrench.sw4.test.dll" id="8989b33b-1d9d-bc18-8fd0-7ab53f8461aa">
      <Execution id="c18e8c4f-8108-4c36-a2c4-1ec062525fc1" />
      <TestMethod codeBase="C:/Users/rolim/Documents/GitHub/softwrench/softwrench.sW4.test/bin/Debug/softwrench.sW4.test.DLL" adapterTypeName="Microsoft.VisualStudio.TestTools.TestTypes.Unit.UnitTestAdapter, Microsoft.VisualStudio.QualityTools.Tips.UnitTest.Adapter, Version=12.0.0.0, Culture=neutral, PublicKeyToken=b03f5f7f11d50a3a" className="softwrench.sW4.test.Configuration.Service.ConfigurationServiceTest, softwrench.sW4.test, Version=1.0.0.0, Culture=neutral, PublicKeyToken=null" name="_2ConditionsOneWithModuleAnotherWithout_returnDefault" />
    </UnitTest>
    <UnitTest name="TestReplace" storage="../softwrench.sw4.test/bin/debug/softwrench.sw4.test.dll" id="a096724d-407b-870b-181f-95da6417f9c3">
      <Execution id="24ce0d91-a29b-4ccd-93f0-f682fda33e87" />
      <TestMethod codeBase="C:/Users/rolim/Documents/GitHub/softwrench/softwrench.sW4.test/bin/Debug/softwrench.sW4.test.DLL" adapterTypeName="Microsoft.VisualStudio.TestTools.TestTypes.Unit.UnitTestAdapter, Microsoft.VisualStudio.QualityTools.Tips.UnitTest.Adapter, Version=12.0.0.0, Culture=neutral, PublicKeyToken=b03f5f7f11d50a3a" className="softwrench.sW4.test.Data.Persistence.Relational.QueryBuilder.Basic.QuerySelectBuilderTest, softwrench.sW4.test, Version=1.0.0.0, Culture=neutral, PublicKeyToken=null" name="TestReplace" />
    </UnitTest>
    <UnitTest name="TestConversion" storage="../softwrench.sw4.test/bin/debug/softwrench.sw4.test.dll" id="5056a224-4cae-e816-70f1-bf880c8ec319">
      <Execution id="982ab693-b909-4941-bdbe-2513e3cfd358" />
      <TestMethod codeBase="C:/Users/rolim/Documents/GitHub/softwrench/softwrench.sW4.test/bin/Debug/softwrench.sW4.test.DLL" adapterTypeName="Microsoft.VisualStudio.TestTools.TestTypes.Unit.UnitTestAdapter, Microsoft.VisualStudio.QualityTools.Tips.UnitTest.Adapter, Version=12.0.0.0, Culture=neutral, PublicKeyToken=b03f5f7f11d50a3a" className="softwrench.sW4.test.Metadata.Entities.TargetConstantHandlerTest, softwrench.sW4.test, Version=1.0.0.0, Culture=neutral, PublicKeyToken=null" name="TestConversion" />
    </UnitTest>
    <UnitTest name="CheckFieldsOrderOrder" storage="../softwrench.sw4.test/bin/debug/softwrench.sw4.test.dll" id="9f8da57b-4ad8-fa25-5e9a-a17945c7e8e1">
      <Execution id="3cb3f100-7f2a-4222-8260-e7f1a66fa1bc" />
      <TestMethod codeBase="C:/Users/rolim/Documents/GitHub/softwrench/softwrench.sW4.test/bin/Debug/softwrench.sW4.test.DLL" adapterTypeName="Microsoft.VisualStudio.TestTools.TestTypes.Unit.UnitTestAdapter, Microsoft.VisualStudio.QualityTools.Tips.UnitTest.Adapter, Version=12.0.0.0, Culture=neutral, PublicKeyToken=b03f5f7f11d50a3a" className="softwrench.sW4.test.Metadata.AbstractSchemaTest, softwrench.sW4.test, Version=1.0.0.0, Culture=neutral, PublicKeyToken=null" name="CheckFieldsOrderOrder" />
    </UnitTest>
    <UnitTest name="DateSearchDtoTest" storage="../softwrench.sw4.test/bin/debug/softwrench.sw4.test.dll" id="7d3385f6-7b2f-d410-9880-4d1883c8cb0b">
      <Execution id="fb768f3c-b41c-4e49-9dbc-4fe961c64f57" />
      <TestMethod codeBase="C:/Users/rolim/Documents/GitHub/softwrench/softwrench.sW4.test/bin/Debug/softwrench.sW4.test.DLL" adapterTypeName="Microsoft.VisualStudio.TestTools.TestTypes.Unit.UnitTestAdapter, Microsoft.VisualStudio.QualityTools.Tips.UnitTest.Adapter, Version=12.0.0.0, Culture=neutral, PublicKeyToken=b03f5f7f11d50a3a" className="softwrench.sW4.test.Data.Search.ApplicationSearchTest, softwrench.sW4.test, Version=1.0.0.0, Culture=neutral, PublicKeyToken=null" name="DateSearchDtoTest" />
    </UnitTest>
    <UnitTest name="TestAddCommandRightTo2" storage="../softwrench.sw4.test/bin/debug/softwrench.sw4.test.dll" id="2017f71d-b182-81b2-01a7-1b4e3bdce128">
      <Execution id="7f4bc00a-dbdb-45fe-9f6f-a14c2c44a40b" />
      <TestMethod codeBase="C:/Users/rolim/Documents/GitHub/softwrench/softwrench.sW4.test/bin/Debug/softwrench.sW4.test.DLL" adapterTypeName="Microsoft.VisualStudio.TestTools.TestTypes.Unit.UnitTestAdapter, Microsoft.VisualStudio.QualityTools.Tips.UnitTest.Adapter, Version=12.0.0.0, Culture=neutral, PublicKeyToken=b03f5f7f11d50a3a" className="softwrench.sW4.test.Metadata.Applications.Command.ApplicationCommandMergerTest, softwrench.sW4.test, Version=1.0.0.0, Culture=neutral, PublicKeyToken=null" name="TestAddCommandRightTo2" />
    </UnitTest>
    <UnitTest name="ModuleAskTest2" storage="../softwrench.sw4.test/bin/debug/softwrench.sw4.test.dll" id="9d11ee99-f131-c210-9c25-1751a393e388">
      <Execution id="ae78ea53-5e4a-4341-b6b0-426a11a85cc9" />
      <TestMethod codeBase="C:/Users/rolim/Documents/GitHub/softwrench/softwrench.sW4.test/bin/Debug/softwrench.sW4.test.DLL" adapterTypeName="Microsoft.VisualStudio.TestTools.TestTypes.Unit.UnitTestAdapter, Microsoft.VisualStudio.QualityTools.Tips.UnitTest.Adapter, Version=12.0.0.0, Culture=neutral, PublicKeyToken=b03f5f7f11d50a3a" className="softwrench.sW4.test.Configuration.Service.ConfigurationServiceTest, softwrench.sW4.test, Version=1.0.0.0, Culture=neutral, PublicKeyToken=null" name="ModuleAskTest2" />
    </UnitTest>
    <UnitTest name="RemoveAsset" storage="../softwrench.sw4.test/bin/debug/softwrench.sw4.test.dll" id="3149a8f1-6952-39ad-2ebc-3e6a54a0aea3">
      <Execution id="d468b01a-259f-4483-9c15-2b6c58720b52" />
      <TestMethod codeBase="C:/Users/rolim/Documents/GitHub/softwrench/softwrench.sW4.test/bin/Debug/softwrench.sW4.test.DLL" adapterTypeName="Microsoft.VisualStudio.TestTools.TestTypes.Unit.UnitTestAdapter, Microsoft.VisualStudio.QualityTools.Tips.UnitTest.Adapter, Version=12.0.0.0, Culture=neutral, PublicKeyToken=b03f5f7f11d50a3a" className="softwrench.sW4.test.Data.Persistence.WS.Ism.ImacDescriptionHandlerTest, softwrench.sW4.test, Version=1.0.0.0, Culture=neutral, PublicKeyToken=null" name="RemoveAsset" />
    </UnitTest>
    <UnitTest name="LocateFiles" storage="../softwrench.sw4.test/bin/debug/softwrench.sw4.test.dll" id="63252ef7-222a-c0ee-6c32-93c3bf0f63f9">
      <Execution id="8d7996fe-94af-49c6-8360-4c41424a97a8" />
      <TestMethod codeBase="C:/Users/rolim/Documents/GitHub/softwrench/softwrench.sW4.test/bin/Debug/softwrench.sW4.test.DLL" adapterTypeName="Microsoft.VisualStudio.TestTools.TestTypes.Unit.UnitTestAdapter, Microsoft.VisualStudio.QualityTools.Tips.UnitTest.Adapter, Version=12.0.0.0, Culture=neutral, PublicKeyToken=b03f5f7f11d50a3a" className="softwrench.sW4.test.Util.I18NResolverTest, softwrench.sW4.test, Version=1.0.0.0, Culture=neutral, PublicKeyToken=null" name="LocateFiles" />
    </UnitTest>
    <UnitTest name="SearchWithFixedParam_Hapag_SEARCH_TEST_NOTEQ" storage="../softwrench.sw4.test/bin/debug/softwrench.sw4.test.dll" id="442c99c8-19a0-3c2e-f9ca-d8141de7b70e">
      <Execution id="4893d808-b97a-41d2-9223-ba2e436e1f75" />
      <TestMethod codeBase="C:/Users/rolim/Documents/GitHub/softwrench/softwrench.sW4.test/bin/Debug/softwrench.sW4.test.DLL" adapterTypeName="Microsoft.VisualStudio.TestTools.TestTypes.Unit.UnitTestAdapter, Microsoft.VisualStudio.QualityTools.Tips.UnitTest.Adapter, Version=12.0.0.0, Culture=neutral, PublicKeyToken=b03f5f7f11d50a3a" className="softwrench.sW4.test.Data.Search.ApplicationSearchTest, softwrench.sW4.test, Version=1.0.0.0, Culture=neutral, PublicKeyToken=null" name="SearchWithFixedParam_Hapag_SEARCH_TEST_NOTEQ" />
    </UnitTest>
    <UnitTest name="TestReverseMapping" storage="../softwrench.sw4.test/bin/debug/softwrench.sw4.test.dll" id="2297944c-225c-b4e7-edc7-7eadeddb77e1">
      <Execution id="9f7eb8a9-79b3-44ca-bea0-d05a79225f29" />
      <TestMethod codeBase="C:/Users/rolim/Documents/GitHub/softwrench/softwrench.sW4.test/bin/Debug/softwrench.sW4.test.DLL" adapterTypeName="Microsoft.VisualStudio.TestTools.TestTypes.Unit.UnitTestAdapter, Microsoft.VisualStudio.QualityTools.Tips.UnitTest.Adapter, Version=12.0.0.0, Culture=neutral, PublicKeyToken=b03f5f7f11d50a3a" className="softwrench.sW4.test.Metadata.Entities.ManchesterSlicedEntityMetadataBuilderTest, softwrench.sW4.test, Version=1.0.0.0, Culture=neutral, PublicKeyToken=null" name="TestReverseMapping" />
    </UnitTest>
    <UnitTest name="ModuleAskTest" storage="../softwrench.sw4.test/bin/debug/softwrench.sw4.test.dll" id="5871b9f2-b834-d9f5-e2a7-f39e50608557">
      <Execution id="db44657d-ebe1-4201-85c9-e03f0b1871be" />
      <TestMethod codeBase="C:/Users/rolim/Documents/GitHub/softwrench/softwrench.sW4.test/bin/Debug/softwrench.sW4.test.DLL" adapterTypeName="Microsoft.VisualStudio.TestTools.TestTypes.Unit.UnitTestAdapter, Microsoft.VisualStudio.QualityTools.Tips.UnitTest.Adapter, Version=12.0.0.0, Culture=neutral, PublicKeyToken=b03f5f7f11d50a3a" className="softwrench.sW4.test.Configuration.Service.ConfigurationServiceTest, softwrench.sW4.test, Version=1.0.0.0, Culture=neutral, PublicKeyToken=null" name="ModuleAskTest" />
    </UnitTest>
    <UnitTest name="TestUpdate" storage="../softwrench.sw4.test/bin/debug/softwrench.sw4.test.dll" id="d668a843-f5f7-eb48-baf2-f9b98ffd5466">
      <Execution id="c34b5354-fc6b-4588-8cbf-922045116056" />
      <TestMethod codeBase="C:/Users/rolim/Documents/GitHub/softwrench/softwrench.sW4.test/bin/Debug/softwrench.sW4.test.DLL" adapterTypeName="Microsoft.VisualStudio.TestTools.TestTypes.Unit.UnitTestAdapter, Microsoft.VisualStudio.QualityTools.Tips.UnitTest.Adapter, Version=12.0.0.0, Culture=neutral, PublicKeyToken=b03f5f7f11d50a3a" className="softwrench.sW4.test.Category.CategoryTreeCacheTest, softwrench.sW4.test, Version=1.0.0.0, Culture=neutral, PublicKeyToken=null" name="TestUpdate" />
    </UnitTest>
    <UnitTest name="TestRelationshipQuery" storage="../softwrench.sw4.test/bin/debug/softwrench.sw4.test.dll" id="a1a523c7-9759-8f77-6ae9-b109b4aaf0b5">
      <Execution id="c9c9a370-1fdd-405a-9183-849ddd5b7208" />
      <TestMethod codeBase="C:/Users/rolim/Documents/GitHub/softwrench/softwrench.sW4.test/bin/Debug/softwrench.sW4.test.DLL" adapterTypeName="Microsoft.VisualStudio.TestTools.TestTypes.Unit.UnitTestAdapter, Microsoft.VisualStudio.QualityTools.Tips.UnitTest.Adapter, Version=12.0.0.0, Culture=neutral, PublicKeyToken=b03f5f7f11d50a3a" className="softwrench.sW4.test.Data.Persistence.Relational.QueryBuilder.Basic.QueryFromBuilderTest, softwrench.sW4.test, Version=1.0.0.0, Culture=neutral, PublicKeyToken=null" name="TestRelationshipQuery" />
    </UnitTest>
    <UnitTest name="TestRemoveUndeclared" storage="../softwrench.sw4.test/bin/debug/softwrench.sw4.test.dll" id="dd5dcc84-7478-0332-5ccd-e44efa1d8b48">
      <Execution id="e6fe3c17-4b7f-48b6-94a3-493965ca0e20" />
      <TestMethod codeBase="C:/Users/rolim/Documents/GitHub/softwrench/softwrench.sW4.test/bin/Debug/softwrench.sW4.test.DLL" adapterTypeName="Microsoft.VisualStudio.TestTools.TestTypes.Unit.UnitTestAdapter, Microsoft.VisualStudio.QualityTools.Tips.UnitTest.Adapter, Version=12.0.0.0, Culture=neutral, PublicKeyToken=b03f5f7f11d50a3a" className="softwrench.sW4.test.Metadata.Applications.Command.ApplicationCommandMergerTest, softwrench.sW4.test, Version=1.0.0.0, Culture=neutral, PublicKeyToken=null" name="TestRemoveUndeclared" />
    </UnitTest>
    <UnitTest name="TestGlobal" storage="../softwrench.sw4.test/bin/debug/softwrench.sw4.test.dll" id="ba295fcb-945a-c550-00ac-183980d3d980">
      <Execution id="941d33d6-cc6b-447e-aeb1-7747d37044ce" />
      <TestMethod codeBase="C:/Users/rolim/Documents/GitHub/softwrench/softwrench.sW4.test/bin/Debug/softwrench.sW4.test.DLL" adapterTypeName="Microsoft.VisualStudio.TestTools.TestTypes.Unit.UnitTestAdapter, Microsoft.VisualStudio.QualityTools.Tips.UnitTest.Adapter, Version=12.0.0.0, Culture=neutral, PublicKeyToken=b03f5f7f11d50a3a" className="softwrench.sW4.test.Category.CategoryTreeCacheTest, softwrench.sW4.test, Version=1.0.0.0, Culture=neutral, PublicKeyToken=null" name="TestGlobal" />
    </UnitTest>
    <UnitTest name="TestAlreadyFilledValues" storage="../softwrench.sw4.test/bin/debug/softwrench.sw4.test.dll" id="c6c54fdd-371c-b9db-6c48-929480530129">
      <Execution id="1897aeed-0b38-4e97-9251-660de505146d" />
      <TestMethod codeBase="C:/Users/rolim/Documents/GitHub/softwrench/softwrench.sW4.test/bin/Debug/softwrench.sW4.test.DLL" adapterTypeName="Microsoft.VisualStudio.TestTools.TestTypes.Unit.UnitTestAdapter, Microsoft.VisualStudio.QualityTools.Tips.UnitTest.Adapter, Version=12.0.0.0, Culture=neutral, PublicKeyToken=b03f5f7f11d50a3a" className="softwrench.sW4.test.Metadata.Entities.TargetConstantHandlerTest, softwrench.sW4.test, Version=1.0.0.0, Culture=neutral, PublicKeyToken=null" name="TestAlreadyFilledValues" />
    </UnitTest>
    <UnitTest name="TestCollection" storage="../softwrench.sw4.test/bin/debug/softwrench.sw4.test.dll" id="c47e7cfc-14d7-9cda-3c43-f788fc8fca98">
      <Execution id="289fdaba-73c2-4909-9b62-ace175aaee0c" />
      <TestMethod codeBase="C:/Users/rolim/Documents/GitHub/softwrench/softwrench.sW4.test/bin/Debug/softwrench.sW4.test.DLL" adapterTypeName="Microsoft.VisualStudio.TestTools.TestTypes.Unit.UnitTestAdapter, Microsoft.VisualStudio.QualityTools.Tips.UnitTest.Adapter, Version=12.0.0.0, Culture=neutral, PublicKeyToken=b03f5f7f11d50a3a" className="softwrench.sW4.test.Util.LoggingUtilTest, softwrench.sW4.test, Version=1.0.0.0, Culture=neutral, PublicKeyToken=null" name="TestCollection" />
    </UnitTest>
    <UnitTest name="TestAddCommandRightTo" storage="../softwrench.sw4.test/bin/debug/softwrench.sw4.test.dll" id="84166121-3586-094d-1bef-877281391cec">
      <Execution id="821d65c6-f77c-4d4c-a9c7-452655421933" />
      <TestMethod codeBase="C:/Users/rolim/Documents/GitHub/softwrench/softwrench.sW4.test/bin/Debug/softwrench.sW4.test.DLL" adapterTypeName="Microsoft.VisualStudio.TestTools.TestTypes.Unit.UnitTestAdapter, Microsoft.VisualStudio.QualityTools.Tips.UnitTest.Adapter, Version=12.0.0.0, Culture=neutral, PublicKeyToken=b03f5f7f11d50a3a" className="softwrench.sW4.test.Metadata.Applications.Command.ApplicationCommandMergerTest, softwrench.sW4.test, Version=1.0.0.0, Culture=neutral, PublicKeyToken=null" name="TestAddCommandRightTo" />
    </UnitTest>
    <UnitTest name="TestExpanding" storage="../softwrench.sw4.test/bin/debug/softwrench.sw4.test.dll" id="cf0cd8ff-1cfd-a319-12ba-b6f3da205756">
      <Execution id="249d434d-2340-4d95-b645-c372b4bdde48" />
      <TestMethod codeBase="C:/Users/rolim/Documents/GitHub/softwrench/softwrench.sW4.test/bin/Debug/softwrench.sW4.test.DLL" adapterTypeName="Microsoft.VisualStudio.TestTools.TestTypes.Unit.UnitTestAdapter, Microsoft.VisualStudio.QualityTools.Tips.UnitTest.Adapter, Version=12.0.0.0, Culture=neutral, PublicKeyToken=b03f5f7f11d50a3a" className="softwrench.sW4.test.Data.Relationship.CompositionExpanderHelperTest, softwrench.sW4.test, Version=1.0.0.0, Culture=neutral, PublicKeyToken=null" name="TestExpanding" />
    </UnitTest>
[...]
      <Output>
        <DebugTrace>select null, '-666' as "zeroedattr", srforchange.description as "hlagchangesummary", srforchange.ticketid as "ticketid", null, null, CASE WHEN srforchange.PLUSPCUSTOMER IS NOT NULL AND srforchange.PLUSPCUSTOMER = 'HLC-00' then 'HLC-00'  WHEN srforchange.PLUSPCUSTOMER IS NOT NULL AND LENGTH(srforchange.PLUSPCUSTOMER) &gt;= 3 THEN SUBSTR(srforchange.PLUSPCUSTOMER, LENGTH(srforchange.PLUSPCUSTOMER) - 2, 3) ELSE '' END as "hlagpluspcustomer", CASE WHEN LOCATE('@',srforchange.REPORTEDBY) &gt; 0 THEN SUBSTR(srforchange.REPORTEDBY,1,LOCATE('@',srforchange.REPORTEDBY)-1) ELSE srforchange.REPORTEDBY END as "hlagreportedby", srforchange.status as "status", asset_.description as "asset_.description", asset_.assetid as "asset_.assetid", asset_.rowstamp as "asset_.rowstamp" </DebugTrace>
      </Output>
    </UnitTestResult>
    <UnitTestResult executionId="9f7eb8a9-79b3-44ca-bea0-d05a79225f29" testId="2297944c-225c-b4e7-edc7-7eadeddb77e1" testName="TestReverseMapping" computerName="ROLIM-PC" duration="00:00:00.0314973" startTime="2015-02-02T12:37:18.0119886-02:00" endTime="2015-02-02T12:37:18.0449905-02:00" testType="13cdc9d9-ddb5-4fa4-a97d-d965ccfc6d4b" outcome="Passed" testListId="8c84fa94-04c1-424b-9868-57a2d4851a1d" relativeResultsDirectory="9f7eb8a9-79b3-44ca-bea0-d05a79225f29">
      <Output>
        <DebugTrace>select SR.ticketid as "ticketid", SR.siteid as "siteid", SR.ticketuid as "ticketuid", SR.class as "class", SR.actlabcost as "actlabcost", SR.actlabhrs as "actlabhrs", SR.orgid as "orgid", SR.changeby as "changeby", SR.reportedby as "reportedby", SR.reportdate as "reportdate", SR.targetstart as "targetstart", SR.targetfinish as "targetfinish", SR.actualstart as "actualstart", SR.actualfinish as "actualfinish", SR.description as "description", SR.status as "status", SR.classstructureid as "classstructureid", SR.owner as "owner", SR.ownergroup as "ownergroup", SR.affectedperson as "affectedperson", SR.location as "location", SR.assetnum as "assetnum", synstatus_.description as "synstatus_.description", ownerperson_.displayname as "ownerperson_.displayname", persongroup_.description as "persongroup_.description", person_.displayname as "person_.displayname", location_.description as "location_.description", asset_.description as "asset_.description", longdescription_.ldtext as "longdescription_.ldtext", longdescription_.longdescriptionid as "longdescription_.longdescriptionid", longdescription_.rowstamp as "longdescription_.rowstamp" from SR as SR left join synonymdomain as synstatus_ on (SR.status = synstatus_.value and synstatus_.domainid = 'SRSTATUS')left join person as ownerperson_ on (SR.owner = ownerperson_.personid)left join persongroup as persongroup_ on (SR.ownergroup = persongroup_.persongroup)left join person as person_ on (SR.affectedperson = person_.personid and person_.status = 'ACTIVE')left join locations as location_ on (SR.location = location_.location and SR.siteid = location_.siteid)left join asset as asset_ on (SR.assetnum = asset_.assetnum and SR.siteid = asset_.siteid)left join longdescription as longdescription_ on (SR.ticketuid = longdescription_.ldkey and longdescription_.ldownertable = 'TICKET' and longdescription_.ldownercol = 'DESCRIPTION')</DebugTrace>
      </Output>
    </UnitTestResult>
    <UnitTestResult executionId="74817b22-d385-4322-9fa0-1150dee4ea1f" testId="4375b126-b98f-0752-6b6b-302df4d378f5" testName="TestFrom" computerName="ROLIM-PC" duration="00:00:00.0012448" startTime="2015-02-02T12:37:18.0459906-02:00" endTime="2015-02-02T12:37:18.0969935-02:00" testType="13cdc9d9-ddb5-4fa4-a97d-d965ccfc6d4b" outcome="Passed" testListId="8c84fa94-04c1-424b-9868-57a2d4851a1d" relativeResultsDirectory="74817b22-d385-4322-9fa0-1150dee4ea1f">
      <Output>
        <DebugTrace>from incident as incident left join person as person_ on (incident.affectedperson = person_.personid and person_.status = 'ACTIVE')left join person as ownerperson_ on (incident.owner = ownerperson_.personid)left join persongroup as persongroup_ on (incident.ownergroup = persongroup_.persongroup)left join locations as location_ on (incident.location = location_.location and incident.siteid = location_.siteid)left join asset as asset_ on (incident.assetnum = asset_.assetnum and incident.siteid = asset_.siteid)left join solution as solution_ on (incident.solution = solution_.solution)left join longdescription as longdescription_ on (incident.ticketuid = longdescription_.ldkey and longdescription_.ldownertable = 'TICKET' and longdescription_.ldownercol = 'DESCRIPTION')left join longdescription as symptom_ on (incident.ticketuid = symptom_.ldkey and symptom_.ldownertable = 'TICKET' and symptom_.ldownercol = 'PROBLEMCODE')left join longdescription as cause_ on (incident.ticketuid = cause_.ldkey and cause_.ldownertable = 'TICKET' and cause_.ldownercol = 'FR1CODE')left join longdescription as resolution_ on (incident.ticketuid = resolution_.ldkey and resolution_.ldownertable = 'TICKET' and resolution_.ldownercol = 'FR2CODE')</DebugTrace>
      </Output>
    </UnitTestResult>
    <UnitTestResult executionId="a1c9c93d-ae50-47f5-89b4-6ef7c7b7c4a4" testId="634d16c0-8174-af93-abfb-30f2c13468e7" testName="TestSelect" computerName="ROLIM-PC" duration="00:00:00.0013381" startTime="2015-02-02T12:37:18.0969935-02:00" endTime="2015-02-02T12:37:18.1009937-02:00" testType="13cdc9d9-ddb5-4fa4-a97d-d965ccfc6d4b" outcome="Passed" testListId="8c84fa94-04c1-424b-9868-57a2d4851a1d" relativeResultsDirectory="a1c9c93d-ae50-47f5-89b4-6ef7c7b7c4a4">
      <Output>
        <DebugTrace>select incident.actlabcost as "actlabcost", incident.actlabhrs as "actlabhrs", incident.ticketuid as "ticketuid", incident.ticketid as "ticketid", incident.description as "description", incident.reportedby as "reportedby", incident.siteid as "siteid", incident.orgid as "orgid", incident.class as "class", incident.targetstart as "targetstart", incident.targetfinish as "targetfinish", incident.actualstart as "actualstart", incident.actualfinish as "actualfinish", incident.status as "status", incident.solution as "solution", incident.affectedperson as "affectedperson", incident.owner as "owner", incident.ownergroup as "ownergroup", incident.classstructureid as "classstructureid", incident.internalpriority as "internalpriority", incident.location as "location", incident.assetnum as "assetnum", incident.rowstamp as "rowstamp", person_.displayname as "person_.displayname", ownerperson_.displayname as "ownerperson_.displayname", persongroup_.description as "persongroup_.description", location_.description as "location_.description", asset_.description as "asset_.description", solution_.description as "solution_.description", longdescription_.ldtext as "longdescription_.ldtext", longdescription_.longdescriptionid as "longdescription_.longdescriptionid", longdescription_.rowstamp as "longdescription_.rowstamp", symptom_.ldtext as "symptom_.ldtext", symptom_.longdescriptionid as "symptom_.longdescriptionid", symptom_.rowstamp as "symptom_.rowstamp", cause_.ldtext as "cause_.ldtext", cause_.longdescriptionid as "cause_.longdescriptionid", cause_.rowstamp as "cause_.rowstamp", resolution_.ldtext as "resolution_.ldtext", resolution_.longdescriptionid as "resolution_.longdescriptionid", resolution_.rowstamp as "resolution_.rowstamp" </DebugTrace>
      </Output>
    </UnitTestResult>
    <UnitTestResult executionId="5bdd6936-ad21-4c54-aa28-051c44133c21" testId="d1c9e1a2-c791-6f91-f773-49741e5ecfdc" testName="TestMethod1" computerName="ROLIM-PC" duration="00:00:00.0005711" startTime="2015-02-02T12:37:18.1019938-02:00" endTime="2015-02-02T12:37:18.1629973-02:00" testType="13cdc9d9-ddb5-4fa4-a97d-d965ccfc6d4b" outcome="Passed" testListId="8c84fa94-04c1-424b-9868-57a2d4851a1d" relativeResultsDirectory="5bdd6936-ad21-4c54-aa28-051c44133c21">
    </UnitTestResult>
    <UnitTestResult executionId="2ed60958-642e-4c34-9f5c-9aeb450300ce" testId="2ab63181-cbc7-c789-2f93-81c5121479ff" testName="TestMethod1" computerName="ROLIM-PC" duration="00:00:00.0354084" startTime="2015-02-02T12:37:18.1629973-02:00" endTime="2015-02-02T12:37:18.2079998-02:00" testType="13cdc9d9-ddb5-4fa4-a97d-d965ccfc6d4b" outcome="Passed" testListId="8c84fa94-04c1-424b-9868-57a2d4851a1d" relativeResultsDirectory="2ed60958-642e-4c34-9f5c-9aeb450300ce">
    </UnitTestResult>
    <UnitTestResult executionId="1897aeed-0b38-4e97-9251-660de505146d" testId="c6c54fdd-371c-b9db-6c48-929480530129" testName="TestAlreadyFilledValues" computerName="ROLIM-PC" duration="00:00:00.0131048" startTime="2015-02-02T12:37:18.2089999-02:00" endTime="2015-02-02T12:37:18.2240008-02:00" testType="13cdc9d9-ddb5-4fa4-a97d-d965ccfc6d4b" outcome="Passed" testListId="8c84fa94-04c1-424b-9868-57a2d4851a1d" relativeResultsDirectory="1897aeed-0b38-4e97-9251-660de505146d">
    </UnitTestResult>
    <UnitTestResult executionId="982ab693-b909-4941-bdbe-2513e3cfd358" testId="5056a224-4cae-e816-70f1-bf880c8ec319" testName="TestConversion" computerName="ROLIM-PC" duration="00:00:00.0240320" startTime="2015-02-02T12:37:18.2250008-02:00" endTime="2015-02-02T12:37:18.2500022-02:00" testType="13cdc9d9-ddb5-4fa4-a97d-d965ccfc6d4b" outcome="Passed" testListId="8c84fa94-04c1-424b-9868-57a2d4851a1d" relativeResultsDirectory="982ab693-b909-4941-bdbe-2513e3cfd358">
    </UnitTestResult>
    <UnitTestResult executionId="1308f1ad-a49a-4637-94ef-49dece4833e6" testId="db5a8b8d-463f-1e29-75d3-7c22f150f79f" testName="TestMethod1" computerName="ROLIM-PC" duration="00:00:00.0073402" startTime="2015-02-02T12:37:18.2510023-02:00" endTime="2015-02-02T12:37:18.2600028-02:00" testType="13cdc9d9-ddb5-4fa4-a97d-d965ccfc6d4b" outcome="Passed" testListId="8c84fa94-04c1-424b-9868-57a2d4851a1d" relativeResultsDirectory="1308f1ad-a49a-4637-94ef-49dece4833e6">
    </UnitTestResult>
    <UnitTestResult executionId="75b2b6ab-845f-4bd4-b2fd-e641e60c9502" testId="f07df37d-90e4-087a-a292-d0b5f1ea8755" testName="TestWebMenuParsing" computerName="ROLIM-PC" duration="00:00:00.3174631" startTime="2015-02-02T12:37:18.2610029-02:00" endTime="2015-02-02T12:37:18.5800211-02:00" testType="13cdc9d9-ddb5-4fa4-a97d-d965ccfc6d4b" outcome="Passed" testListId="8c84fa94-04c1-424b-9868-57a2d4851a1d" relativeResultsDirectory="75b2b6ab-845f-4bd4-b2fd-e641e60c9502">
      <Output>
        <DebugTrace>bering_inv
entegra
gric
hapag
kongsberg
manchester
otb
scottsdale
shared
test2
test3
test_only
tva
</DebugTrace>
      </Output>
    </UnitTestResult>
    <UnitTestResult executionId="c19629b7-eba8-4621-8fd9-6efd7bc63a9a" testId="b34b1695-ae71-155d-66cf-eeeb475a677b" testName="ConfigThenEnvThenGlobal" computerName="ROLIM-PC" duration="00:00:00.0004407" startTime="2015-02-02T12:37:18.5800211-02:00" endTime="2015-02-02T12:37:18.6070227-02:00" testType="13cdc9d9-ddb5-4fa4-a97d-d965ccfc6d4b" outcome="Passed" testListId="8c84fa94-04c1-424b-9868-57a2d4851a1d" relativeResultsDirectory="c19629b7-eba8-4621-8fd9-6efd7bc63a9a">
    </UnitTestResult>
    <UnitTestResult executionId="a2780078-9b87-4f7d-b6fd-59a02066f32c" testId="9da10d2c-99b7-4eb2-a14a-fee15fd6b52a" testName="TestAddFk" computerName="ROLIM-PC" duration="00:00:00.0015950" startTime="2015-02-02T12:37:18.6080227-02:00" endTime="2015-02-02T12:37:18.6260237-02:00" testType="13cdc9d9-ddb5-4fa4-a97d-d965ccfc6d4b" outcome="Passed" testListId="8c84fa94-04c1-424b-9868-57a2d4851a1d" relativeResultsDirectory="a2780078-9b87-4f7d-b6fd-59a02066f32c">
    </UnitTestResult>
    <UnitTestResult executionId="a26d89d3-a383-4176-a6ee-3634edfa7871" testId="27b5564a-4b1c-bc34-cdda-f84fa9a7751e" testName="TestMethod1" computerName="ROLIM-PC" duration="00:00:00.0008941" startTime="2015-02-02T12:37:18.6270238-02:00" endTime="2015-02-02T12:37:18.6290239-02:00" testType="13cdc9d9-ddb5-4fa4-a97d-d965ccfc6d4b" outcome="Passed" testListId="8c84fa94-04c1-424b-9868-57a2d4851a1d" relativeResultsDirectory="a26d89d3-a383-4176-a6ee-3634edfa7871">
    </UnitTestResult>
    <UnitTestResult executionId="21aea235-3144-45e3-8a74-b09cf97c89ba" testId="6967fa50-19a3-b358-2875-068a48bc7d11" testName="TestMethod2" computerName="ROLIM-PC" duration="00:00:00.0004376" startTime="2015-02-02T12:37:18.6310240-02:00" endTime="2015-02-02T12:37:18.6330241-02:00" testType="13cdc9d9-ddb5-4fa4-a97d-d965ccfc6d4b" outcome="Passed" testListId="8c84fa94-04c1-424b-9868-57a2d4851a1d" relativeResultsDirectory="21aea235-3144-45e3-8a74-b09cf97c89ba">
    </UnitTestResult>
    <UnitTestResult executionId="4637cffb-3f5f-42b6-8bac-168d99235fde" testId="dba5467f-1e97-4998-fba3-b71343cfde2f" testName="TestMethod3" computerName="ROLIM-PC" duration="00:00:00.0003362" startTime="2015-02-02T12:37:18.6340242-02:00" endTime="2015-02-02T12:37:18.6360243-02:00" testType="13cdc9d9-ddb5-4fa4-a97d-d965ccfc6d4b" outcome="Passed" testListId="8c84fa94-04c1-424b-9868-57a2d4851a1d" relativeResultsDirectory="4637cffb-3f5f-42b6-8bac-168d99235fde">
    </UnitTestResult>
    <UnitTestResult executionId="7162b8ea-2c8a-40f0-a11b-99195638fd18" testId="9177643c-7d01-dccf-b4c7-e2e78cd26785" testName="TestMethod4" computerName="ROLIM-PC" duration="00:00:00.0004259" startTime="2015-02-02T12:37:18.6370244-02:00" endTime="2015-02-02T12:37:18.6390245-02:00" testType="13cdc9d9-ddb5-4fa4-a97d-d965ccfc6d4b" outcome="Passed" testListId="8c84fa94-04c1-424b-9868-57a2d4851a1d" relativeResultsDirectory="7162b8ea-2c8a-40f0-a11b-99195638fd18">
    </UnitTestResult>
    <UnitTestResult executionId="0d82deb6-d3cc-487c-986b-4b261f734374" testId="2ccc5849-fe9d-ffc5-c877-9e28427a4330" testName="TestMethod1" computerName="ROLIM-PC" duration="00:00:00.0020746" startTime="2015-02-02T12:37:18.6410246-02:00" endTime="2015-02-02T12:37:18.6440248-02:00" testType="13cdc9d9-ddb5-4fa4-a97d-d965ccfc6d4b" outcome="Passed" testListId="8c84fa94-04c1-424b-9868-57a2d4851a1d" relativeResultsDirectory="0d82deb6-d3cc-487c-986b-4b261f734374">
    </UnitTestResult>
    <UnitTestResult executionId="2552d95c-7ebd-4b7a-b473-6293b06f8562" testId="ab5ef0c4-4676-92ba-5b5c-b3edc2f8e558" testName="TestMethod2" computerName="ROLIM-PC" duration="00:00:00.0006203" startTime="2015-02-02T12:37:18.6450248-02:00" endTime="2015-02-02T12:37:18.6480250-02:00" testType="13cdc9d9-ddb5-4fa4-a97d-d965ccfc6d4b" outcome="Passed" testListId="8c84fa94-04c1-424b-9868-57a2d4851a1d" relativeResultsDirectory="2552d95c-7ebd-4b7a-b473-6293b06f8562">
    </UnitTestResult>
    <UnitTestResult executionId="49cab4d5-e362-4547-be65-4477708010ab" testId="50e6540e-2a88-ed1c-1a43-14f2c488cd81" testName="TestMethod3_only_var" computerName="ROLIM-PC" duration="00:00:00.0006375" startTime="2015-02-02T12:37:18.6540253-02:00" endTime="2015-02-02T12:37:18.6570255-02:00" testType="13cdc9d9-ddb5-4fa4-a97d-d965ccfc6d4b" outcome="Passed" testListId="8c84fa94-04c1-424b-9868-57a2d4851a1d" relativeResultsDirectory="49cab4d5-e362-4547-be65-4477708010ab">
    </UnitTestResult>
    <UnitTestResult executionId="978e5457-d49c-4731-9863-3637cc8e1675" testId="db90e7b4-7edb-e986-5eaa-4312b542d56a" testName="TestStringToBytes" computerName="ROLIM-PC" duration="00:00:00.0008575" startTime="2015-02-02T12:37:18.6580256-02:00" endTime="2015-02-02T12:37:18.6610257-02:00" testType="13cdc9d9-ddb5-4fa4-a97d-d965ccfc6d4b" outcome="Passed" testListId="8c84fa94-04c1-424b-9868-57a2d4851a1d" relativeResultsDirectory="978e5457-d49c-4731-9863-3637cc8e1675">
    </UnitTestResult>
    <UnitTestResult executionId="217b2402-caa0-4224-9ddc-7164913df50f" testId="ac59350e-b94c-3929-6c72-637148e3a7a0" testName="TestStringToBytesCompressed" computerName="ROLIM-PC" duration="00:00:00.0028193" startTime="2015-02-02T12:37:18.6620258-02:00" endTime="2015-02-02T12:37:18.6670261-02:00" testType="13cdc9d9-ddb5-4fa4-a97d-d965ccfc6d4b" outcome="Passed" testListId="8c84fa94-04c1-424b-9868-57a2d4851a1d" relativeResultsDirectory="217b2402-caa0-4224-9ddc-7164913df50f">
    </UnitTestResult>
    <UnitTestResult executionId="971fbcfb-6cfc-47a6-98ee-eb1e03651fda" testId="0af06012-3841-913f-698b-cbdd9adfe552" testName="SimulateFaqRealData" computerName="ROLIM-PC" duration="00:00:00.0037526" startTime="2015-02-02T12:37:18.6670261-02:00" endTime="2015-02-02T12:37:18.6730264-02:00" testType="13cdc9d9-ddb5-4fa4-a97d-d965ccfc6d4b" outcome="Passed" testListId="8c84fa94-04c1-424b-9868-57a2d4851a1d" relativeResultsDirectory="971fbcfb-6cfc-47a6-98ee-eb1e03651fda">
    </UnitTestResult>
    <UnitTestResult executionId="94c30228-7d61-4b11-ac8e-6c5731d5868c" testId="0570c3a1-164a-8720-ab47-d3feb9cadb85" testName="TestQueryTranslation" computerName="ROLIM-PC" duration="00:00:00.0023665" startTime="2015-02-02T12:37:18.6740265-02:00" endTime="2015-02-02T12:37:18.6780267-02:00" testType="13cdc9d9-ddb5-4fa4-a97d-d965ccfc6d4b" outcome="Passed" testListId="8c84fa94-04c1-424b-9868-57a2d4851a1d" relativeResultsDirectory="94c30228-7d61-4b11-ac8e-6c5731d5868c">
    </UnitTestResult>
    <UnitTestResult executionId="8d7996fe-94af-49c6-8360-4c41424a97a8" testId="63252ef7-222a-c0ee-6c32-93c3bf0f63f9" testName="LocateFiles" computerName="ROLIM-PC" duration="00:00:00.0086826" startTime="2015-02-02T12:37:18.6780267-02:00" endTime="2015-02-02T12:37:18.6880273-02:00" testType="13cdc9d9-ddb5-4fa4-a97d-d965ccfc6d4b" outcome="Passed" testListId="8c84fa94-04c1-424b-9868-57a2d4851a1d" relativeResultsDirectory="8d7996fe-94af-49c6-8360-4c41424a97a8">
    </UnitTestResult>
    <UnitTestResult executionId="f2cf6882-8301-4e42-ad6d-65a49affb496" testId="da13500b-fd77-6dbc-e99f-be00c510ca6a" testName="TestAllCatalogsOk" computerName="ROLIM-PC" duration="00:00:00.0047050" startTime="2015-02-02T12:37:18.6890274-02:00" endTime="2015-02-02T12:37:18.6950277-02:00" testType="13cdc9d9-ddb5-4fa4-a97d-d965ccfc6d4b" outcome="Passed" testListId="8c84fa94-04c1-424b-9868-57a2d4851a1d" relativeResultsDirectory="f2cf6882-8301-4e42-ad6d-65a49affb496">
    </UnitTestResult>
    <UnitTestResult executionId="7b959d25-d2e2-4eb7-b8ec-577d3df5a5cb" testId="16f7b9df-3e74-1b0e-bd2f-0aae808f916b" testName="TestSchemaTitle" computerName="ROLIM-PC" duration="00:00:00.0571065" startTime="2015-02-02T12:37:18.6960278-02:00" endTime="2015-02-02T12:37:18.7550311-02:00" testType="13cdc9d9-ddb5-4fa4-a97d-d965ccfc6d4b" outcome="Passed" testListId="8c84fa94-04c1-424b-9868-57a2d4851a1d" relativeResultsDirectory="7b959d25-d2e2-4eb7-b8ec-577d3df5a5cb">
    </UnitTestResult>
    <UnitTestResult executionId="289fdaba-73c2-4909-9b62-ace175aaee0c" testId="c47e7cfc-14d7-9cda-3c43-f788fc8fca98" testName="TestCollection" computerName="ROLIM-PC" duration="00:00:00.0027930" startTime="2015-02-02T12:37:18.7560312-02:00" endTime="2015-02-02T12:37:18.7600314-02:00" testType="13cdc9d9-ddb5-4fa4-a97d-d965ccfc6d4b" outcome="Passed" testListId="8c84fa94-04c1-424b-9868-57a2d4851a1d" relativeResultsDirectory="289fdaba-73c2-4909-9b62-ace175aaee0c">
    </UnitTestResult>
    <UnitTestResult executionId="8edf4f1b-f27b-451d-a1a6-03f577a59c42" testId="219d335f-0870-4220-8e61-3f41d8c43f86" testName="TestParameterReplacement" computerName="ROLIM-PC" duration="00:00:00.0004515" startTime="2015-02-02T12:37:18.7620315-02:00" endTime="2015-02-02T12:37:18.7730322-02:00" testType="13cdc9d9-ddb5-4fa4-a97d-d965ccfc6d4b" outcome="Passed" testListId="8c84fa94-04c1-424b-9868-57a2d4851a1d" relativeResultsDirectory="8edf4f1b-f27b-451d-a1a6-03f577a59c42">
    </UnitTestResult>
    <UnitTestResult executionId="bdca4988-851c-472c-84d0-b86068817bbe" testId="4988fb77-d19b-a1c4-7211-49326cebe459" testName="TestQuestionMark" computerName="ROLIM-PC" duration="00:00:00.0009339" startTime="2015-02-02T12:37:18.7740322-02:00" endTime="2015-02-02T12:37:18.7770324-02:00" testType="13cdc9d9-ddb5-4fa4-a97d-d965ccfc6d4b" outcome="Passed" testListId="8c84fa94-04c1-424b-9868-57a2d4851a1d" relativeResultsDirectory="bdca4988-851c-472c-84d0-b86068817bbe">
    </UnitTestResult>
  </Results>
</TestRun>